{"/home/travis/build/npmtest/node-npmtest-njwt/test.js":{"path":"/home/travis/build/npmtest/node-npmtest-njwt/test.js","s":{"1":2,"2":2,"3":2,"4":2,"5":2,"6":2,"7":2,"8":1,"9":2,"10":2,"11":1,"12":1,"13":1,"14":1,"15":2,"16":2,"17":2,"18":2,"19":1,"20":1,"21":2,"22":2,"23":2,"24":1,"25":1,"26":1,"27":1,"28":1,"29":1,"30":1,"31":1,"32":1,"33":1,"34":1,"35":1,"36":1,"37":1,"38":1,"39":2,"40":2,"41":1,"42":2,"43":2,"44":1,"45":2,"46":2,"47":1,"48":2,"49":2,"50":1,"51":1,"52":1,"53":1,"54":1},"b":{"1":[2,1,1,1],"2":[1,1,1,1],"3":[1,1],"4":[1,1],"5":[1,1],"6":[1,1],"7":[1,1],"8":[1,1],"9":[1,1],"10":[1,1,1],"11":[1,1],"12":[1,1],"13":[1,1],"14":[1,1],"15":[1,1],"16":[1,1],"17":[1,1]},"f":{"1":2,"2":2,"3":2,"4":2,"5":2,"6":1,"7":1,"8":1,"9":2,"10":2,"11":2,"12":2,"13":1},"fnMap":{"1":{"name":"(anonymous_1)","line":12,"loc":{"start":{"line":12,"column":1},"end":{"line":12,"column":13}}},"2":{"name":"(anonymous_2)","line":19,"loc":{"start":{"line":19,"column":5},"end":{"line":19,"column":17}}},"3":{"name":"(anonymous_3)","line":23,"loc":{"start":{"line":23,"column":24},"end":{"line":23,"column":36}}},"4":{"name":"(anonymous_4)","line":61,"loc":{"start":{"line":61,"column":5},"end":{"line":61,"column":17}}},"5":{"name":"(anonymous_5)","line":82,"loc":{"start":{"line":82,"column":5},"end":{"line":82,"column":17}}},"6":{"name":"(anonymous_6)","line":91,"loc":{"start":{"line":91,"column":77},"end":{"line":94,"column":10}}},"7":{"name":"(anonymous_7)","line":112,"loc":{"start":{"line":112,"column":83},"end":{"line":115,"column":10}},"skip":true},"8":{"name":"(anonymous_8)","line":123,"loc":{"start":{"line":123,"column":77},"end":{"line":126,"column":10}},"skip":true},"9":{"name":"(anonymous_9)","line":139,"loc":{"start":{"line":139,"column":12},"end":{"line":139,"column":40}},"skip":true},"10":{"name":"(anonymous_10)","line":147,"loc":{"start":{"line":147,"column":77},"end":{"line":150,"column":10}},"skip":true},"11":{"name":"(anonymous_11)","line":158,"loc":{"start":{"line":158,"column":83},"end":{"line":161,"column":10}},"skip":true},"12":{"name":"(anonymous_12)","line":169,"loc":{"start":{"line":169,"column":79},"end":{"line":172,"column":10}},"skip":true},"13":{"name":"(anonymous_13)","line":180,"loc":{"start":{"line":180,"column":75},"end":{"line":183,"column":10}},"skip":true}},"statementMap":{"1":{"start":{"line":12,"column":0},"end":{"line":195,"column":5}},"2":{"start":{"line":14,"column":4},"end":{"line":14,"column":14}},"3":{"start":{"line":19,"column":4},"end":{"line":56,"column":9}},"4":{"start":{"line":21,"column":8},"end":{"line":21,"column":19}},"5":{"start":{"line":23,"column":8},"end":{"line":35,"column":13}},"6":{"start":{"line":24,"column":12},"end":{"line":34,"column":13}},"7":{"start":{"line":25,"column":16},"end":{"line":28,"column":30}},"8":{"start":{"line":30,"column":16},"end":{"line":33,"column":27}},"9":{"start":{"line":37,"column":8},"end":{"line":39,"column":21}},"10":{"start":{"line":40,"column":8},"end":{"line":53,"column":9}},"11":{"start":{"line":43,"column":12},"end":{"line":46,"column":14}},"12":{"start":{"line":47,"column":12},"end":{"line":47,"column":18}},"13":{"start":{"line":50,"column":12},"end":{"line":51,"column":46}},"14":{"start":{"line":52,"column":12},"end":{"line":52,"column":18}},"15":{"start":{"line":55,"column":8},"end":{"line":55,"column":35}},"16":{"start":{"line":61,"column":4},"end":{"line":63,"column":9}},"17":{"start":{"line":62,"column":8},"end":{"line":62,"column":15}},"18":{"start":{"line":64,"column":4},"end":{"line":77,"column":5}},"19":{"start":{"line":70,"column":8},"end":{"line":70,"column":14}},"20":{"start":{"line":76,"column":8},"end":{"line":76,"column":14}},"21":{"start":{"line":82,"column":4},"end":{"line":84,"column":9}},"22":{"start":{"line":83,"column":8},"end":{"line":83,"column":15}},"23":{"start":{"line":85,"column":4},"end":{"line":194,"column":5}},"24":{"start":{"line":91,"column":8},"end":{"line":99,"column":10}},"25":{"start":{"line":98,"column":12},"end":{"line":98,"column":35}},"26":{"start":{"line":102,"column":8},"end":{"line":104,"column":63}},"27":{"start":{"line":105,"column":8},"end":{"line":105,"column":14}},"28":{"start":{"line":112,"column":8},"end":{"line":121,"column":10},"skip":true},"29":{"start":{"line":119,"column":12},"end":{"line":119,"column":55},"skip":true},"30":{"start":{"line":120,"column":12},"end":{"line":120,"column":48},"skip":true},"31":{"start":{"line":123,"column":8},"end":{"line":136,"column":10},"skip":true},"32":{"start":{"line":130,"column":12},"end":{"line":130,"column":76},"skip":true},"33":{"start":{"line":131,"column":12},"end":{"line":131,"column":73},"skip":true},"34":{"start":{"line":132,"column":12},"end":{"line":132,"column":74},"skip":true},"35":{"start":{"line":133,"column":12},"end":{"line":133,"column":79},"skip":true},"36":{"start":{"line":134,"column":12},"end":{"line":134,"column":25},"skip":true},"37":{"start":{"line":135,"column":12},"end":{"line":135,"column":45},"skip":true},"38":{"start":{"line":138,"column":8},"end":{"line":145,"column":14},"skip":true},"39":{"start":{"line":143,"column":16},"end":{"line":143,"column":29},"skip":true},"40":{"start":{"line":144,"column":16},"end":{"line":144,"column":55},"skip":true},"41":{"start":{"line":147,"column":8},"end":{"line":156,"column":10},"skip":true},"42":{"start":{"line":154,"column":12},"end":{"line":154,"column":25},"skip":true},"43":{"start":{"line":155,"column":12},"end":{"line":155,"column":45},"skip":true},"44":{"start":{"line":158,"column":8},"end":{"line":167,"column":10},"skip":true},"45":{"start":{"line":165,"column":12},"end":{"line":165,"column":25},"skip":true},"46":{"start":{"line":166,"column":12},"end":{"line":166,"column":48},"skip":true},"47":{"start":{"line":169,"column":8},"end":{"line":178,"column":10},"skip":true},"48":{"start":{"line":176,"column":12},"end":{"line":176,"column":25},"skip":true},"49":{"start":{"line":177,"column":12},"end":{"line":177,"column":46},"skip":true},"50":{"start":{"line":180,"column":8},"end":{"line":189,"column":10},"skip":true},"51":{"start":{"line":187,"column":12},"end":{"line":187,"column":94},"skip":true},"52":{"start":{"line":188,"column":12},"end":{"line":188,"column":48},"skip":true},"53":{"start":{"line":192,"column":8},"end":{"line":192,"column":35},"skip":true},"54":{"start":{"line":193,"column":8},"end":{"line":193,"column":14},"skip":true}},"branchMap":{"1":{"line":25,"type":"binary-expr","locations":[{"start":{"line":25,"column":23},"end":{"line":25,"column":62}},{"start":{"line":26,"column":20},"end":{"line":26,"column":70}},{"start":{"line":27,"column":20},"end":{"line":27,"column":71}},{"start":{"line":28,"column":20},"end":{"line":28,"column":29}}]},"2":{"line":30,"type":"binary-expr","locations":[{"start":{"line":30,"column":23},"end":{"line":30,"column":37}},{"start":{"line":31,"column":20},"end":{"line":31,"column":61}},{"start":{"line":32,"column":20},"end":{"line":32,"column":70}},{"start":{"line":33,"column":20},"end":{"line":33,"column":26}}]},"3":{"line":37,"type":"cond-expr","locations":[{"start":{"line":38,"column":14},"end":{"line":38,"column":20}},{"start":{"line":39,"column":14},"end":{"line":39,"column":20}}]},"4":{"line":40,"type":"switch","locations":[{"start":{"line":42,"column":8},"end":{"line":47,"column":18}},{"start":{"line":49,"column":8},"end":{"line":52,"column":18}}]},"5":{"line":44,"type":"binary-expr","locations":[{"start":{"line":44,"column":16},"end":{"line":44,"column":44}},{"start":{"line":44,"column":48},"end":{"line":44,"column":66}}]},"6":{"line":50,"type":"binary-expr","locations":[{"start":{"line":50,"column":21},"end":{"line":50,"column":49}},{"start":{"line":50,"column":53},"end":{"line":50,"column":72}}]},"7":{"line":64,"type":"switch","locations":[{"start":{"line":69,"column":4},"end":{"line":70,"column":14}},{"start":{"line":75,"column":4},"end":{"line":76,"column":14}}]},"8":{"line":85,"type":"switch","locations":[{"start":{"line":90,"column":4},"end":{"line":105,"column":14}},{"start":{"line":111,"column":4},"end":{"line":193,"column":14},"skip":true}]},"9":{"line":91,"type":"binary-expr","locations":[{"start":{"line":91,"column":42},"end":{"line":91,"column":73}},{"start":{"line":91,"column":77},"end":{"line":99,"column":9}}]},"10":{"line":102,"type":"binary-expr","locations":[{"start":{"line":102,"column":18},"end":{"line":102,"column":32}},{"start":{"line":103,"column":12},"end":{"line":103,"column":53}},{"start":{"line":104,"column":12},"end":{"line":104,"column":61}}]},"11":{"line":112,"type":"binary-expr","locations":[{"start":{"line":112,"column":45},"end":{"line":112,"column":79},"skip":true},{"start":{"line":112,"column":83},"end":{"line":121,"column":9},"skip":true}]},"12":{"line":123,"type":"binary-expr","locations":[{"start":{"line":123,"column":42},"end":{"line":123,"column":73},"skip":true},{"start":{"line":123,"column":77},"end":{"line":136,"column":9},"skip":true}]},"13":{"line":138,"type":"binary-expr","locations":[{"start":{"line":138,"column":48},"end":{"line":138,"column":85},"skip":true},{"start":{"line":139,"column":12},"end":{"line":145,"column":13},"skip":true}]},"14":{"line":147,"type":"binary-expr","locations":[{"start":{"line":147,"column":42},"end":{"line":147,"column":73},"skip":true},{"start":{"line":147,"column":77},"end":{"line":156,"column":9},"skip":true}]},"15":{"line":158,"type":"binary-expr","locations":[{"start":{"line":158,"column":45},"end":{"line":158,"column":79},"skip":true},{"start":{"line":158,"column":83},"end":{"line":167,"column":9},"skip":true}]},"16":{"line":169,"type":"binary-expr","locations":[{"start":{"line":169,"column":43},"end":{"line":169,"column":75},"skip":true},{"start":{"line":169,"column":79},"end":{"line":178,"column":9},"skip":true}]},"17":{"line":180,"type":"binary-expr","locations":[{"start":{"line":180,"column":41},"end":{"line":180,"column":71},"skip":true},{"start":{"line":180,"column":75},"end":{"line":189,"column":9},"skip":true}]}},"code":["/* istanbul instrument in package npmtest_njwt */","/*jslint","    bitwise: true,","    browser: true,","    maxerr: 8,","    maxlen: 96,","    node: true,","    nomen: true,","    regexp: true,","    stupid: true","*/","(function () {","    'use strict';","    var local;","","","","    // run shared js-env code - pre-init","    (function () {","        // init local","        local = {};","        // init modeJs","        local.modeJs = (function () {","            try {","                return typeof navigator.userAgent === 'string' &&","                    typeof document.querySelector('body') === 'object' &&","                    typeof XMLHttpRequest.prototype.open === 'function' &&","                    'browser';","            } catch (errorCaughtBrowser) {","                return module.exports &&","                    typeof process.versions.node === 'string' &&","                    typeof require('http').createServer === 'function' &&","                    'node';","            }","        }());","        // init global","        local.global = local.modeJs === 'browser'","            ? window","            : global;","        switch (local.modeJs) {","        // re-init local from window.local","        case 'browser':","            local = local.global.utility2.objectSetDefault(","                local.global.utility2_rollup || local.global.local,","                local.global.utility2","            );","            break;","        // re-init local from example.js","        case 'node':","            local = (local.global.utility2_rollup || require('utility2'))","                .requireExampleJsFromReadme();","            break;","        }","        // export local","        local.global.local = local;","    }());","","","","    // run shared js-env code - function","    (function () {","        return;","    }());","    switch (local.modeJs) {","","","","    // run browser js-env code - function","    case 'browser':","        break;","","","","    // run node js-env code - function","    case 'node':","        break;","    }","","","","    // run shared js-env code - post-init","    (function () {","        return;","    }());","    switch (local.modeJs) {","","","","    // run browser js-env code - post-init","    case 'browser':","        local.testCase_browser_nullCase = local.testCase_browser_nullCase || function (","            options,","            onError","        ) {","        /*","         * this function will test browsers's null-case handling-behavior-behavior","         */","            onError(null, options);","        };","","        // run tests","        local.nop(local.modeTest &&","            document.querySelector('#testRunButton1') &&","            document.querySelector('#testRunButton1').click());","        break;","","","","    // run node js-env code - post-init","    /* istanbul ignore next */","    case 'node':","        local.testCase_buildApidoc_default = local.testCase_buildApidoc_default || function (","            options,","            onError","        ) {","        /*","         * this function will test buildApidoc's default handling-behavior-behavior","         */","            options = { modulePathList: module.paths };","            local.buildApidoc(options, onError);","        };","","        local.testCase_buildApp_default = local.testCase_buildApp_default || function (","            options,","            onError","        ) {","        /*","         * this function will test buildApp's default handling-behavior-behavior","         */","            local.testCase_buildReadme_default(options, local.onErrorThrow);","            local.testCase_buildLib_default(options, local.onErrorThrow);","            local.testCase_buildTest_default(options, local.onErrorThrow);","            local.testCase_buildCustomOrg_default(options, local.onErrorThrow);","            options = [];","            local.buildApp(options, onError);","        };","","        local.testCase_buildCustomOrg_default = local.testCase_buildCustomOrg_default ||","            function (options, onError) {","            /*","             * this function will test buildCustomOrg's default handling-behavior","             */","                options = {};","                local.buildCustomOrg(options, onError);","            };","","        local.testCase_buildLib_default = local.testCase_buildLib_default || function (","            options,","            onError","        ) {","        /*","         * this function will test buildLib's default handling-behavior","         */","            options = {};","            local.buildLib(options, onError);","        };","","        local.testCase_buildReadme_default = local.testCase_buildReadme_default || function (","            options,","            onError","        ) {","        /*","         * this function will test buildReadme's default handling-behavior-behavior","         */","            options = {};","            local.buildReadme(options, onError);","        };","","        local.testCase_buildTest_default = local.testCase_buildTest_default || function (","            options,","            onError","        ) {","        /*","         * this function will test buildTest's default handling-behavior","         */","            options = {};","            local.buildTest(options, onError);","        };","","        local.testCase_webpage_default = local.testCase_webpage_default || function (","            options,","            onError","        ) {","        /*","         * this function will test webpage's default handling-behavior","         */","            options = { modeCoverageMerge: true, url: local.serverLocalHost + '?modeTest=1' };","            local.browserTest(options, onError);","        };","","        // run test-server","        local.testRunServer(local);","        break;","    }","}());",""],"l":{"12":2,"14":2,"19":2,"21":2,"23":2,"24":2,"25":2,"30":1,"37":2,"40":2,"43":1,"47":1,"50":1,"52":1,"55":2,"61":2,"62":2,"64":2,"70":1,"76":1,"82":2,"83":2,"85":2,"91":1,"98":1,"102":1,"105":1,"112":1,"119":1,"120":1,"123":1,"130":1,"131":1,"132":1,"133":1,"134":1,"135":1,"138":1,"143":2,"144":2,"147":1,"154":2,"155":2,"158":1,"165":2,"166":2,"169":1,"176":2,"177":2,"180":1,"187":1,"188":1,"192":1,"193":1}},"/home/travis/build/npmtest/node-npmtest-njwt/lib.npmtest_njwt.js":{"path":"/home/travis/build/npmtest/node-npmtest-njwt/lib.npmtest_njwt.js","s":{"1":2,"2":2,"3":2,"4":2,"5":2,"6":2,"7":2,"8":1,"9":2,"10":2,"11":2,"12":2,"13":1,"14":1,"15":1,"16":1},"b":{"1":[2,1,1,1],"2":[1,1,1,1],"3":[1,1],"4":[2,2],"5":[1,1]},"f":{"1":2,"2":2,"3":2},"fnMap":{"1":{"name":"(anonymous_1)","line":12,"loc":{"start":{"line":12,"column":1},"end":{"line":12,"column":13}}},"2":{"name":"(anonymous_2)","line":19,"loc":{"start":{"line":19,"column":5},"end":{"line":19,"column":17}}},"3":{"name":"(anonymous_3)","line":23,"loc":{"start":{"line":23,"column":24},"end":{"line":23,"column":36}}}},"statementMap":{"1":{"start":{"line":12,"column":0},"end":{"line":53,"column":5}},"2":{"start":{"line":14,"column":4},"end":{"line":14,"column":14}},"3":{"start":{"line":19,"column":4},"end":{"line":52,"column":9}},"4":{"start":{"line":21,"column":8},"end":{"line":21,"column":19}},"5":{"start":{"line":23,"column":8},"end":{"line":35,"column":13}},"6":{"start":{"line":24,"column":12},"end":{"line":34,"column":13}},"7":{"start":{"line":25,"column":16},"end":{"line":28,"column":30}},"8":{"start":{"line":30,"column":16},"end":{"line":33,"column":27}},"9":{"start":{"line":37,"column":8},"end":{"line":39,"column":21}},"10":{"start":{"line":41,"column":8},"end":{"line":41,"column":54}},"11":{"start":{"line":43,"column":8},"end":{"line":43,"column":49}},"12":{"start":{"line":45,"column":8},"end":{"line":51,"column":9}},"13":{"start":{"line":46,"column":12},"end":{"line":46,"column":55}},"14":{"start":{"line":48,"column":12},"end":{"line":48,"column":35}},"15":{"start":{"line":49,"column":12},"end":{"line":49,"column":49}},"16":{"start":{"line":50,"column":12},"end":{"line":50,"column":43}}},"branchMap":{"1":{"line":25,"type":"binary-expr","locations":[{"start":{"line":25,"column":23},"end":{"line":25,"column":62}},{"start":{"line":26,"column":20},"end":{"line":26,"column":70}},{"start":{"line":27,"column":20},"end":{"line":27,"column":71}},{"start":{"line":28,"column":20},"end":{"line":28,"column":29}}]},"2":{"line":30,"type":"binary-expr","locations":[{"start":{"line":30,"column":23},"end":{"line":30,"column":37}},{"start":{"line":31,"column":20},"end":{"line":31,"column":61}},{"start":{"line":32,"column":20},"end":{"line":32,"column":70}},{"start":{"line":33,"column":20},"end":{"line":33,"column":26}}]},"3":{"line":37,"type":"cond-expr","locations":[{"start":{"line":38,"column":14},"end":{"line":38,"column":20}},{"start":{"line":39,"column":14},"end":{"line":39,"column":20}}]},"4":{"line":41,"type":"binary-expr","locations":[{"start":{"line":41,"column":16},"end":{"line":41,"column":44}},{"start":{"line":41,"column":48},"end":{"line":41,"column":53}}]},"5":{"line":45,"type":"if","locations":[{"start":{"line":45,"column":8},"end":{"line":45,"column":8}},{"start":{"line":45,"column":8},"end":{"line":45,"column":8}}]}},"code":["/* istanbul instrument in package npmtest_njwt */","/*jslint","    bitwise: true,","    browser: true,","    maxerr: 8,","    maxlen: 96,","    node: true,","    nomen: true,","    regexp: true,","    stupid: true","*/","(function () {","    'use strict';","    var local;","","","","    // run shared js-env code - pre-init","    (function () {","        // init local","        local = {};","        // init modeJs","        local.modeJs = (function () {","            try {","                return typeof navigator.userAgent === 'string' &&","                    typeof document.querySelector('body') === 'object' &&","                    typeof XMLHttpRequest.prototype.open === 'function' &&","                    'browser';","            } catch (errorCaughtBrowser) {","                return module.exports &&","                    typeof process.versions.node === 'string' &&","                    typeof require('http').createServer === 'function' &&","                    'node';","            }","        }());","        // init global","        local.global = local.modeJs === 'browser'","            ? window","            : global;","        // init utility2_rollup","        local = local.global.utility2_rollup || local;","        // init lib","        local.local = local.npmtest_njwt = local;","        // init exports","        if (local.modeJs === 'browser') {","            local.global.utility2_npmtest_njwt = local;","        } else {","            module.exports = local;","            module.exports.__dirname = __dirname;","            module.exports.module = module;","        }","    }());","}());",""],"l":{"12":2,"14":2,"19":2,"21":2,"23":2,"24":2,"25":2,"30":1,"37":2,"41":2,"43":2,"45":2,"46":1,"48":1,"49":1,"50":1}},"/home/travis/build/npmtest/node-npmtest-njwt/example.js":{"path":"/home/travis/build/npmtest/node-npmtest-njwt/example.js","s":{"1":2,"2":2,"3":2,"4":2,"5":2,"6":2,"7":2,"8":1,"9":2,"10":2,"11":2,"12":2,"13":1,"14":2,"15":2,"16":2,"17":2,"18":2,"19":0,"20":2,"21":1,"22":1,"23":1,"24":1,"25":1,"26":0,"27":0,"28":1,"29":1,"30":2,"31":0,"32":0,"33":0,"34":1,"35":2,"36":2,"37":3,"38":3,"39":3,"40":3,"41":0,"42":3,"43":3,"44":3,"45":1,"46":3,"47":1,"48":1,"49":1,"50":1,"51":1,"52":1,"53":1,"54":1,"55":1,"56":1,"57":0,"58":1,"59":6,"60":6,"61":1,"62":2,"63":0,"64":2,"65":1,"66":1,"67":0,"68":0,"69":0,"70":0,"71":0,"72":0,"73":0,"74":0,"75":0,"76":0,"77":0,"78":0,"79":0,"80":0,"81":0,"82":0,"83":0},"b":{"1":[2,1,1,1],"2":[1,1,1,1],"3":[1,1],"4":[2,2],"5":[1,1],"6":[1,1],"7":[2,0],"8":[2,1,1,1,1,1],"9":[0,2,0],"10":[1,1],"11":[2,1,1],"12":[1,0],"13":[0,2],"14":[2,0,0,0,0,0,0],"15":[0,3],"16":[3,0],"17":[1,1],"18":[0,1],"19":[1,2,0,2],"20":[1,0],"21":[1,1],"22":[0,0],"23":[0,0],"24":[0,0],"25":[0,0],"26":[0,0],"27":[0,0],"28":[0,0]},"f":{"1":2,"2":2,"3":2,"4":2,"5":2,"6":2,"7":3,"8":3,"9":3,"10":1,"11":6,"12":0},"fnMap":{"1":{"name":"(anonymous_1)","line":26,"loc":{"start":{"line":26,"column":1},"end":{"line":26,"column":13}}},"2":{"name":"(anonymous_2)","line":33,"loc":{"start":{"line":33,"column":5},"end":{"line":33,"column":17}}},"3":{"name":"(anonymous_3)","line":37,"loc":{"start":{"line":37,"column":24},"end":{"line":37,"column":36}}},"4":{"name":"(anonymous_4)","line":69,"loc":{"start":{"line":69,"column":31},"end":{"line":69,"column":48}},"skip":true},"5":{"name":"(anonymous_5)","line":78,"loc":{"start":{"line":78,"column":26},"end":{"line":78,"column":45}},"skip":true},"6":{"name":"(anonymous_6)","line":123,"loc":{"start":{"line":123,"column":33},"end":{"line":123,"column":48}},"skip":true},"7":{"name":"(anonymous_7)","line":125,"loc":{"start":{"line":125,"column":27},"end":{"line":125,"column":39}},"skip":true},"8":{"name":"(anonymous_8)","line":133,"loc":{"start":{"line":133,"column":59},"end":{"line":133,"column":74}},"skip":true},"9":{"name":"(anonymous_9)","line":143,"loc":{"start":{"line":143,"column":45},"end":{"line":143,"column":62}},"skip":true},"10":{"name":"(anonymous_10)","line":144,"loc":{"start":{"line":144,"column":73},"end":{"line":144,"column":92}},"skip":true},"11":{"name":"(anonymous_11)","line":272,"loc":{"start":{"line":272,"column":51},"end":{"line":272,"column":77}},"skip":true},"12":{"name":"(anonymous_12)","line":315,"loc":{"start":{"line":315,"column":32},"end":{"line":315,"column":61}},"skip":true}},"statementMap":{"1":{"start":{"line":26,"column":0},"end":{"line":326,"column":5}},"2":{"start":{"line":28,"column":4},"end":{"line":28,"column":14}},"3":{"start":{"line":33,"column":4},"end":{"line":60,"column":9}},"4":{"start":{"line":35,"column":8},"end":{"line":35,"column":19}},"5":{"start":{"line":37,"column":8},"end":{"line":49,"column":13}},"6":{"start":{"line":38,"column":12},"end":{"line":48,"column":13}},"7":{"start":{"line":39,"column":16},"end":{"line":42,"column":30}},"8":{"start":{"line":44,"column":16},"end":{"line":47,"column":27}},"9":{"start":{"line":51,"column":8},"end":{"line":53,"column":21}},"10":{"start":{"line":55,"column":8},"end":{"line":57,"column":45}},"11":{"start":{"line":59,"column":8},"end":{"line":59,"column":35}},"12":{"start":{"line":61,"column":4},"end":{"line":325,"column":5}},"13":{"start":{"line":69,"column":8},"end":{"line":121,"column":10},"skip":true},"14":{"start":{"line":70,"column":12},"end":{"line":88,"column":13},"skip":true},"15":{"start":{"line":76,"column":16},"end":{"line":87,"column":19},"skip":true},"16":{"start":{"line":79,"column":20},"end":{"line":86,"column":21},"skip":true},"17":{"start":{"line":82,"column":24},"end":{"line":82,"column":43},"skip":true},"18":{"start":{"line":83,"column":24},"end":{"line":83,"column":30},"skip":true},"19":{"start":{"line":85,"column":24},"end":{"line":85,"column":49},"skip":true},"20":{"start":{"line":89,"column":12},"end":{"line":107,"column":13},"skip":true},"21":{"start":{"line":92,"column":16},"end":{"line":102,"column":17},"skip":true},"22":{"start":{"line":93,"column":20},"end":{"line":93,"column":86},"skip":true},"23":{"start":{"line":94,"column":20},"end":{"line":95,"column":45},"skip":true},"24":{"start":{"line":96,"column":20},"end":{"line":96,"column":42},"skip":true},"25":{"start":{"line":97,"column":20},"end":{"line":97,"column":48},"skip":true},"26":{"start":{"line":100,"column":20},"end":{"line":100,"column":85},"skip":true},"27":{"start":{"line":101,"column":20},"end":{"line":101,"column":96},"skip":true},"28":{"start":{"line":103,"column":16},"end":{"line":103,"column":22},"skip":true},"29":{"start":{"line":106,"column":16},"end":{"line":106,"column":22},"skip":true},"30":{"start":{"line":108,"column":12},"end":{"line":120,"column":13},"skip":true},"31":{"start":{"line":114,"column":16},"end":{"line":119,"column":17},"skip":true},"32":{"start":{"line":116,"column":20},"end":{"line":116,"column":78},"skip":true},"33":{"start":{"line":118,"column":20},"end":{"line":118,"column":47},"skip":true},"34":{"start":{"line":123,"column":8},"end":{"line":141,"column":11},"skip":true},"35":{"start":{"line":124,"column":12},"end":{"line":124,"column":54},"skip":true},"36":{"start":{"line":125,"column":12},"end":{"line":140,"column":14},"skip":true},"37":{"start":{"line":126,"column":16},"end":{"line":126,"column":28},"skip":true},"38":{"start":{"line":127,"column":16},"end":{"line":127,"column":69},"skip":true},"39":{"start":{"line":128,"column":16},"end":{"line":128,"column":75},"skip":true},"40":{"start":{"line":129,"column":16},"end":{"line":131,"column":17},"skip":true},"41":{"start":{"line":130,"column":20},"end":{"line":130,"column":27},"skip":true},"42":{"start":{"line":133,"column":16},"end":{"line":137,"column":36},"skip":true},"43":{"start":{"line":134,"column":20},"end":{"line":136,"column":55},"skip":true},"44":{"start":{"line":139,"column":16},"end":{"line":139,"column":57},"skip":true},"45":{"start":{"line":143,"column":8},"end":{"line":147,"column":11},"skip":true},"46":{"start":{"line":144,"column":12},"end":{"line":146,"column":15},"skip":true},"47":{"start":{"line":145,"column":16},"end":{"line":145,"column":70},"skip":true},"48":{"start":{"line":149,"column":8},"end":{"line":149,"column":31},"skip":true},"49":{"start":{"line":150,"column":8},"end":{"line":150,"column":14},"skip":true},"50":{"start":{"line":158,"column":8},"end":{"line":158,"column":31},"skip":true},"51":{"start":{"line":160,"column":8},"end":{"line":160,"column":33},"skip":true},"52":{"start":{"line":161,"column":8},"end":{"line":161,"column":37},"skip":true},"53":{"start":{"line":162,"column":8},"end":{"line":162,"column":35},"skip":true},"54":{"start":{"line":164,"column":8},"end":{"line":164,"column":50},"skip":true},"55":{"start":{"line":166,"column":8},"end":{"line":256,"column":2},"skip":true},"56":{"start":{"line":258,"column":8},"end":{"line":286,"column":9},"skip":true},"57":{"start":{"line":259,"column":12},"end":{"line":269,"column":14},"skip":true},"58":{"start":{"line":271,"column":12},"end":{"line":285,"column":19},"skip":true},"59":{"start":{"line":274,"column":20},"end":{"line":274,"column":35},"skip":true},"60":{"start":{"line":275,"column":20},"end":{"line":284,"column":21},"skip":true},"61":{"start":{"line":277,"column":24},"end":{"line":277,"column":64},"skip":true},"62":{"start":{"line":279,"column":24},"end":{"line":279,"column":40},"skip":true},"63":{"start":{"line":281,"column":24},"end":{"line":281,"column":40},"skip":true},"64":{"start":{"line":283,"column":24},"end":{"line":283,"column":39},"skip":true},"65":{"start":{"line":288,"column":8},"end":{"line":290,"column":9},"skip":true},"66":{"start":{"line":289,"column":12},"end":{"line":289,"column":18},"skip":true},"67":{"start":{"line":291,"column":8},"end":{"line":293,"column":54},"skip":true},"68":{"start":{"line":296,"column":8},"end":{"line":301,"column":37},"skip":true},"69":{"start":{"line":303,"column":8},"end":{"line":303,"column":82},"skip":true},"70":{"start":{"line":306,"column":8},"end":{"line":308,"column":9},"skip":true},"71":{"start":{"line":307,"column":12},"end":{"line":307,"column":82},"skip":true},"72":{"start":{"line":310,"column":8},"end":{"line":312,"column":9},"skip":true},"73":{"start":{"line":311,"column":12},"end":{"line":311,"column":18},"skip":true},"74":{"start":{"line":313,"column":8},"end":{"line":313,"column":54},"skip":true},"75":{"start":{"line":314,"column":8},"end":{"line":314,"column":69},"skip":true},"76":{"start":{"line":315,"column":8},"end":{"line":323,"column":36},"skip":true},"77":{"start":{"line":316,"column":12},"end":{"line":316,"column":61},"skip":true},"78":{"start":{"line":317,"column":12},"end":{"line":320,"column":13},"skip":true},"79":{"start":{"line":318,"column":16},"end":{"line":318,"column":75},"skip":true},"80":{"start":{"line":319,"column":16},"end":{"line":319,"column":23},"skip":true},"81":{"start":{"line":321,"column":12},"end":{"line":321,"column":38},"skip":true},"82":{"start":{"line":322,"column":12},"end":{"line":322,"column":27},"skip":true},"83":{"start":{"line":324,"column":8},"end":{"line":324,"column":14},"skip":true}},"branchMap":{"1":{"line":39,"type":"binary-expr","locations":[{"start":{"line":39,"column":23},"end":{"line":39,"column":62}},{"start":{"line":40,"column":20},"end":{"line":40,"column":70}},{"start":{"line":41,"column":20},"end":{"line":41,"column":71}},{"start":{"line":42,"column":20},"end":{"line":42,"column":29}}]},"2":{"line":44,"type":"binary-expr","locations":[{"start":{"line":44,"column":23},"end":{"line":44,"column":37}},{"start":{"line":45,"column":20},"end":{"line":45,"column":61}},{"start":{"line":46,"column":20},"end":{"line":46,"column":70}},{"start":{"line":47,"column":20},"end":{"line":47,"column":26}}]},"3":{"line":51,"type":"cond-expr","locations":[{"start":{"line":52,"column":14},"end":{"line":52,"column":20}},{"start":{"line":53,"column":14},"end":{"line":53,"column":20}}]},"4":{"line":55,"type":"binary-expr","locations":[{"start":{"line":55,"column":16},"end":{"line":55,"column":44}},{"start":{"line":55,"column":49},"end":{"line":57,"column":43}}]},"5":{"line":55,"type":"cond-expr","locations":[{"start":{"line":56,"column":14},"end":{"line":56,"column":48}},{"start":{"line":57,"column":14},"end":{"line":57,"column":43}}]},"6":{"line":61,"type":"switch","locations":[{"start":{"line":68,"column":4},"end":{"line":150,"column":14},"skip":true},{"start":{"line":156,"column":4},"end":{"line":324,"column":14},"skip":true}]},"7":{"line":70,"type":"if","locations":[{"start":{"line":70,"column":12},"end":{"line":70,"column":12},"skip":true},{"start":{"line":70,"column":12},"end":{"line":70,"column":12},"skip":true}]},"8":{"line":70,"type":"binary-expr","locations":[{"start":{"line":70,"column":16},"end":{"line":70,"column":22},"skip":true},{"start":{"line":70,"column":27},"end":{"line":70,"column":32},"skip":true},{"start":{"line":71,"column":20},"end":{"line":71,"column":39},"skip":true},{"start":{"line":72,"column":20},"end":{"line":72,"column":49},"skip":true},{"start":{"line":73,"column":20},"end":{"line":73,"column":58},"skip":true},{"start":{"line":74,"column":20},"end":{"line":74,"column":69},"skip":true}]},"9":{"line":79,"type":"switch","locations":[{"start":{"line":80,"column":20},"end":{"line":80,"column":33},"skip":true},{"start":{"line":81,"column":20},"end":{"line":83,"column":30},"skip":true},{"start":{"line":84,"column":20},"end":{"line":85,"column":49},"skip":true}]},"10":{"line":89,"type":"switch","locations":[{"start":{"line":90,"column":12},"end":{"line":103,"column":22},"skip":true},{"start":{"line":105,"column":12},"end":{"line":106,"column":22},"skip":true}]},"11":{"line":89,"type":"binary-expr","locations":[{"start":{"line":89,"column":20},"end":{"line":89,"column":25},"skip":true},{"start":{"line":89,"column":29},"end":{"line":89,"column":48},"skip":true},{"start":{"line":89,"column":52},"end":{"line":89,"column":74},"skip":true}]},"12":{"line":92,"type":"if","locations":[{"start":{"line":92,"column":16},"end":{"line":92,"column":16},"skip":true},{"start":{"line":92,"column":16},"end":{"line":92,"column":16},"skip":true}]},"13":{"line":108,"type":"if","locations":[{"start":{"line":108,"column":12},"end":{"line":108,"column":12},"skip":true},{"start":{"line":108,"column":12},"end":{"line":108,"column":12},"skip":true}]},"14":{"line":108,"type":"binary-expr","locations":[{"start":{"line":108,"column":16},"end":{"line":108,"column":61},"skip":true},{"start":{"line":108,"column":66},"end":{"line":108,"column":72},"skip":true},{"start":{"line":108,"column":77},"end":{"line":108,"column":82},"skip":true},{"start":{"line":109,"column":20},"end":{"line":109,"column":39},"skip":true},{"start":{"line":110,"column":20},"end":{"line":110,"column":49},"skip":true},{"start":{"line":111,"column":20},"end":{"line":111,"column":58},"skip":true},{"start":{"line":112,"column":20},"end":{"line":112,"column":68},"skip":true}]},"15":{"line":129,"type":"if","locations":[{"start":{"line":129,"column":16},"end":{"line":129,"column":16},"skip":true},{"start":{"line":129,"column":16},"end":{"line":129,"column":16},"skip":true}]},"16":{"line":134,"type":"cond-expr","locations":[{"start":{"line":135,"column":26},"end":{"line":135,"column":29},"skip":true},{"start":{"line":136,"column":26},"end":{"line":136,"column":54},"skip":true}]},"17":{"line":164,"type":"binary-expr","locations":[{"start":{"line":164,"column":27},"end":{"line":164,"column":43},"skip":true},{"start":{"line":164,"column":47},"end":{"line":164,"column":49},"skip":true}]},"18":{"line":258,"type":"if","locations":[{"start":{"line":258,"column":8},"end":{"line":258,"column":8},"skip":true},{"start":{"line":258,"column":8},"end":{"line":258,"column":8},"skip":true}]},"19":{"line":275,"type":"switch","locations":[{"start":{"line":276,"column":20},"end":{"line":277,"column":64},"skip":true},{"start":{"line":278,"column":20},"end":{"line":279,"column":40},"skip":true},{"start":{"line":280,"column":20},"end":{"line":281,"column":40},"skip":true},{"start":{"line":282,"column":20},"end":{"line":283,"column":39},"skip":true}]},"20":{"line":288,"type":"if","locations":[{"start":{"line":288,"column":8},"end":{"line":288,"column":8},"skip":true},{"start":{"line":288,"column":8},"end":{"line":288,"column":8},"skip":true}]},"21":{"line":288,"type":"binary-expr","locations":[{"start":{"line":288,"column":12},"end":{"line":288,"column":40},"skip":true},{"start":{"line":288,"column":44},"end":{"line":288,"column":67},"skip":true}]},"22":{"line":292,"type":"binary-expr","locations":[{"start":{"line":292,"column":12},"end":{"line":292,"column":50},"skip":true},{"start":{"line":293,"column":12},"end":{"line":293,"column":53},"skip":true}]},"23":{"line":297,"type":"binary-expr","locations":[{"start":{"line":297,"column":12},"end":{"line":297,"column":62},"skip":true},{"start":{"line":298,"column":12},"end":{"line":301,"column":36},"skip":true}]},"24":{"line":303,"type":"binary-expr","locations":[{"start":{"line":303,"column":43},"end":{"line":303,"column":75},"skip":true},{"start":{"line":303,"column":79},"end":{"line":303,"column":81},"skip":true}]},"25":{"line":306,"type":"if","locations":[{"start":{"line":306,"column":8},"end":{"line":306,"column":8},"skip":true},{"start":{"line":306,"column":8},"end":{"line":306,"column":8},"skip":true}]},"26":{"line":310,"type":"if","locations":[{"start":{"line":310,"column":8},"end":{"line":310,"column":8},"skip":true},{"start":{"line":310,"column":8},"end":{"line":310,"column":8},"skip":true}]},"27":{"line":313,"type":"binary-expr","locations":[{"start":{"line":313,"column":27},"end":{"line":313,"column":43},"skip":true},{"start":{"line":313,"column":47},"end":{"line":313,"column":53},"skip":true}]},"28":{"line":317,"type":"if","locations":[{"start":{"line":317,"column":12},"end":{"line":317,"column":12},"skip":true},{"start":{"line":317,"column":12},"end":{"line":317,"column":12},"skip":true}]}},"code":["/*","example.js","","quickstart example","","instruction","    1. save this script as example.js","    2. run the shell command:","        $ npm install npmtest-njwt && PORT=8081 node example.js","    3. play with the browser-demo on http://127.0.0.1:8081","*/","","","","/* istanbul instrument in package npmtest_njwt */","/*jslint","    bitwise: true,","    browser: true,","    maxerr: 8,","    maxlen: 96,","    node: true,","    nomen: true,","    regexp: true,","    stupid: true","*/","(function () {","    'use strict';","    var local;","","","","    // run shared js-env code - pre-init","    (function () {","        // init local","        local = {};","        // init modeJs","        local.modeJs = (function () {","            try {","                return typeof navigator.userAgent === 'string' &&","                    typeof document.querySelector('body') === 'object' &&","                    typeof XMLHttpRequest.prototype.open === 'function' &&","                    'browser';","            } catch (errorCaughtBrowser) {","                return module.exports &&","                    typeof process.versions.node === 'string' &&","                    typeof require('http').createServer === 'function' &&","                    'node';","            }","        }());","        // init global","        local.global = local.modeJs === 'browser'","            ? window","            : global;","        // init utility2_rollup","        local = local.global.utility2_rollup || (local.modeJs === 'browser'","            ? local.global.utility2_npmtest_njwt","            : global.utility2_moduleExports);","        // export local","        local.global.local = local;","    }());","    switch (local.modeJs) {","","","","    // post-init","    // run browser js-env code - post-init","    /* istanbul ignore next */","    case 'browser':","        local.testRunBrowser = function (event) {","            if (!event || (event &&","                    event.currentTarget &&","                    event.currentTarget.className &&","                    event.currentTarget.className.includes &&","                    event.currentTarget.className.includes('onreset'))) {","                // reset output","                Array.from(","                    document.querySelectorAll('body > .resettable')","                ).forEach(function (element) {","                    switch (element.tagName) {","                    case 'INPUT':","                    case 'TEXTAREA':","                        element.value = '';","                        break;","                    default:","                        element.textContent = '';","                    }","                });","            }","            switch (event && event.currentTarget && event.currentTarget.id) {","            case 'testRunButton1':","                // show tests","                if (document.querySelector('#testReportDiv1').style.display === 'none') {","                    document.querySelector('#testReportDiv1').style.display = 'block';","                    document.querySelector('#testRunButton1').textContent =","                        'hide internal test';","                    local.modeTest = true;","                    local.testRunDefault(local);","                // hide tests","                } else {","                    document.querySelector('#testReportDiv1').style.display = 'none';","                    document.querySelector('#testRunButton1').textContent = 'run internal test';","                }","                break;","            // custom-case","            default:","                break;","            }","            if (document.querySelector('#inputTextareaEval1') && (!event || (event &&","                    event.currentTarget &&","                    event.currentTarget.className &&","                    event.currentTarget.className.includes &&","                    event.currentTarget.className.includes('oneval')))) {","                // try to eval input-code","                try {","                    /*jslint evil: true*/","                    eval(document.querySelector('#inputTextareaEval1').value);","                } catch (errorCaught) {","                    console.error(errorCaught);","                }","            }","        };","        // log stderr and stdout to #outputTextareaStdout1","        ['error', 'log'].forEach(function (key) {","            console[key + '_original'] = console[key];","            console[key] = function () {","                var element;","                console[key + '_original'].apply(console, arguments);","                element = document.querySelector('#outputTextareaStdout1');","                if (!element) {","                    return;","                }","                // append text to #outputTextareaStdout1","                element.value += Array.from(arguments).map(function (arg) {","                    return typeof arg === 'string'","                        ? arg","                        : JSON.stringify(arg, null, 4);","                }).join(' ') + '\\n';","                // scroll textarea to bottom","                element.scrollTop = element.scrollHeight;","            };","        });","        // init event-handling","        ['change', 'click', 'keyup'].forEach(function (event) {","            Array.from(document.querySelectorAll('.on' + event)).forEach(function (element) {","                element.addEventListener(event, local.testRunBrowser);","            });","        });","        // run tests","        local.testRunBrowser();","        break;","","","","    // run node js-env code - post-init","    /* istanbul ignore next */","    case 'node':","        // export local","        module.exports = local;","        // require modules","        local.fs = require('fs');","        local.http = require('http');","        local.url = require('url');","        // init assets","        local.assetsDict = local.assetsDict || {};","        /* jslint-ignore-begin */","        local.assetsDict['/assets.index.template.html'] = '\\","<!doctype html>\\n\\","<html lang=\"en\">\\n\\","<head>\\n\\","<meta charset=\"UTF-8\">\\n\\","<meta name=\"viewport\" content=\"width=device-width, initial-scale=1\">\\n\\","<title>{{env.npm_package_name}} (v{{env.npm_package_version}})</title>\\n\\","<style>\\n\\","/*csslint\\n\\","    box-sizing: false,\\n\\","    universal-selector: false\\n\\","*/\\n\\","* {\\n\\","    box-sizing: border-box;\\n\\","}\\n\\","body {\\n\\","    background: #dde;\\n\\","    font-family: Arial, Helvetica, sans-serif;\\n\\","    margin: 2rem;\\n\\","}\\n\\","body > * {\\n\\","    margin-bottom: 1rem;\\n\\","}\\n\\",".utility2FooterDiv {\\n\\","    margin-top: 20px;\\n\\","    text-align: center;\\n\\","}\\n\\","</style>\\n\\","<style>\\n\\","/*csslint\\n\\","*/\\n\\","textarea {\\n\\","    font-family: monospace;\\n\\","    height: 10rem;\\n\\","    width: 100%;\\n\\","}\\n\\","textarea[readonly] {\\n\\","    background: #ddd;\\n\\","}\\n\\","</style>\\n\\","</head>\\n\\","<body>\\n\\","<!-- utility2-comment\\n\\","<div id=\"ajaxProgressDiv1\" style=\"background: #d00; height: 2px; left: 0; margin: 0; padding: 0; position: fixed; top: 0; transition: background 0.5s, width 1.5s; width: 25%;\"></div>\\n\\","utility2-comment -->\\n\\","<h1>\\n\\","<!-- utility2-comment\\n\\","    <a\\n\\","        {{#if env.npm_package_homepage}}\\n\\","        href=\"{{env.npm_package_homepage}}\"\\n\\","        {{/if env.npm_package_homepage}}\\n\\","        target=\"_blank\"\\n\\","    >\\n\\","utility2-comment -->\\n\\","        {{env.npm_package_name}} (v{{env.npm_package_version}})\\n\\","<!-- utility2-comment\\n\\","    </a>\\n\\","utility2-comment -->\\n\\","</h1>\\n\\","<h3>{{env.npm_package_description}}</h3>\\n\\","<!-- utility2-comment\\n\\","<h4><a download href=\"assets.app.js\">download standalone app</a></h4>\\n\\","<button class=\"onclick onreset\" id=\"testRunButton1\">run internal test</button><br>\\n\\","<div id=\"testReportDiv1\" style=\"display: none;\"></div>\\n\\","utility2-comment -->\\n\\","\\n\\","\\n\\","\\n\\","<label>stderr and stdout</label>\\n\\","<textarea class=\"resettable\" id=\"outputTextareaStdout1\" readonly></textarea>\\n\\","<!-- utility2-comment\\n\\","{{#if isRollup}}\\n\\","<script src=\"assets.app.js\"></script>\\n\\","{{#unless isRollup}}\\n\\","utility2-comment -->\\n\\","<script src=\"assets.utility2.rollup.js\"></script>\\n\\","<script src=\"jsonp.utility2._stateInit?callback=window.utility2._stateInit\"></script>\\n\\","<script src=\"assets.npmtest_njwt.rollup.js\"></script>\\n\\","<script src=\"assets.example.js\"></script>\\n\\","<script src=\"assets.test.js\"></script>\\n\\","<!-- utility2-comment\\n\\","{{/if isRollup}}\\n\\","utility2-comment -->\\n\\","<div class=\"utility2FooterDiv\">\\n\\","    [ this app was created with\\n\\","    <a href=\"https://github.com/kaizhu256/node-utility2\" target=\"_blank\">utility2</a>\\n\\","    ]\\n\\","</div>\\n\\","</body>\\n\\","</html>\\n\\","';","        /* jslint-ignore-end */","        if (local.templateRender) {","            local.assetsDict['/'] = local.templateRender(","                local.assetsDict['/assets.index.template.html'],","                {","                    env: local.objectSetDefault(local.env, {","                        npm_package_description: 'the greatest app in the world!',","                        npm_package_name: 'my-app',","                        npm_package_nameAlias: 'my_app',","                        npm_package_version: '0.0.1'","                    })","                }","            );","        } else {","            local.assetsDict['/'] = local.assetsDict['/assets.index.template.html']","                .replace((/\\{\\{env\\.(\\w+?)\\}\\}/g), function (match0, match1) {","                    // jslint-hack","                    String(match0);","                    switch (match1) {","                    case 'npm_package_description':","                        return 'the greatest app in the world!';","                    case 'npm_package_name':","                        return 'my-app';","                    case 'npm_package_nameAlias':","                        return 'my_app';","                    case 'npm_package_version':","                        return '0.0.1';","                    }","                });","        }","        // run the cli","        if (local.global.utility2_rollup || module !== require.main) {","            break;","        }","        local.assetsDict['/assets.example.js'] =","            local.assetsDict['/assets.example.js'] ||","            local.fs.readFileSync(__filename, 'utf8');","        // bug-workaround - long $npm_package_buildCustomOrg","        /* jslint-ignore-begin */","        local.assetsDict['/assets.npmtest_njwt.rollup.js'] =","            local.assetsDict['/assets.npmtest_njwt.rollup.js'] ||","            local.fs.readFileSync(","                local.npmtest_njwt.__dirname + '/lib.npmtest_njwt.js',","                'utf8'","            ).replace((/^#!/), '//');","        /* jslint-ignore-end */","        local.assetsDict['/favicon.ico'] = local.assetsDict['/favicon.ico'] || '';","        // if $npm_config_timeout_exit exists,","        // then exit this process after $npm_config_timeout_exit ms","        if (Number(process.env.npm_config_timeout_exit)) {","            setTimeout(process.exit, Number(process.env.npm_config_timeout_exit));","        }","        // start server","        if (local.global.utility2_serverHttp1) {","            break;","        }","        process.env.PORT = process.env.PORT || '8081';","        console.error('server starting on port ' + process.env.PORT);","        local.http.createServer(function (request, response) {","            request.urlParsed = local.url.parse(request.url);","            if (local.assetsDict[request.urlParsed.pathname] !== undefined) {","                response.end(local.assetsDict[request.urlParsed.pathname]);","                return;","            }","            response.statusCode = 404;","            response.end();","        }).listen(process.env.PORT);","        break;","    }","}());",""],"l":{"26":2,"28":2,"33":2,"35":2,"37":2,"38":2,"39":2,"44":1,"51":2,"55":2,"59":2,"61":2,"69":1,"70":2,"76":2,"79":2,"82":2,"83":2,"85":1,"89":2,"92":1,"93":1,"94":1,"96":1,"97":1,"100":1,"101":1,"103":1,"106":1,"108":2,"114":1,"116":1,"118":1,"123":1,"124":2,"125":2,"126":3,"127":3,"128":3,"129":3,"130":1,"133":3,"134":3,"139":3,"143":1,"144":3,"145":1,"149":1,"150":1,"158":1,"160":1,"161":1,"162":1,"164":1,"166":1,"258":1,"259":1,"271":1,"274":6,"275":6,"277":1,"279":2,"281":1,"283":2,"288":1,"289":1,"291":1,"296":1,"303":1,"306":1,"307":1,"310":1,"311":1,"313":1,"314":1,"315":1,"316":1,"317":1,"318":1,"319":1,"321":1,"322":1,"324":1}},"/home/travis/build/npmtest/node-npmtest-njwt/node_modules/njwt/index.js":{"path":"/home/travis/build/npmtest/node-npmtest-njwt/node_modules/njwt/index.js","s":{"1":1,"2":1,"3":1,"4":1,"5":1,"6":1,"7":1,"8":1,"9":0,"10":1,"11":0,"12":1,"13":0,"14":1,"15":0,"16":0,"17":1,"18":0,"19":1,"20":0,"21":0,"22":0,"23":0,"24":0,"25":0,"26":1,"27":0,"28":1,"29":0,"30":0,"31":1,"32":1,"33":0,"34":0,"35":0,"36":0,"37":0,"38":0,"39":1,"40":1,"41":0,"42":0,"43":0,"44":0,"45":0,"46":0,"47":0,"48":1,"49":0,"50":0,"51":0,"52":0,"53":1,"54":0,"55":1,"56":0,"57":0,"58":0,"59":0,"60":0,"61":0,"62":0,"63":0,"64":0,"65":0,"66":0,"67":1,"68":1,"69":0,"70":1,"71":0,"72":0,"73":0,"74":0,"75":0,"76":0,"77":0,"78":0,"79":0,"80":0,"81":0,"82":1,"83":0,"84":0,"85":1,"86":0,"87":0,"88":1,"89":0,"90":0,"91":1,"92":0,"93":0,"94":1,"95":0,"96":0,"97":1,"98":0,"99":0,"100":1,"101":0,"102":0,"103":0,"104":0,"105":1,"106":0,"107":0,"108":0,"109":0,"110":1,"111":0,"112":0,"113":1,"114":0,"115":0,"116":0,"117":0,"118":1,"119":0,"120":0,"121":0,"122":0,"123":0,"124":0,"125":0,"126":0,"127":0,"128":0,"129":0,"130":0,"131":0,"132":1,"133":1,"134":0,"135":0,"136":0,"137":0,"138":0,"139":0,"140":0,"141":0,"142":0,"143":1,"144":0,"145":1,"146":0,"147":1,"148":0,"149":1,"150":0,"151":1,"152":1,"153":0,"154":0,"155":0,"156":0,"157":0,"158":1,"159":0,"160":0,"161":0,"162":0,"163":0,"164":0,"165":0,"166":0,"167":0,"168":0,"169":0,"170":0,"171":0,"172":0,"173":0,"174":0,"175":0,"176":0,"177":0,"178":1,"179":0,"180":0,"181":0,"182":0,"183":0,"184":1,"185":0,"186":0,"187":0,"188":0,"189":1,"190":0,"191":0,"192":1,"193":0,"194":1,"195":1,"196":0,"197":0,"198":0,"199":0,"200":0,"201":0,"202":0,"203":0,"204":0,"205":0,"206":0,"207":0,"208":0,"209":0,"210":0,"211":0,"212":0,"213":0,"214":0,"215":0,"216":0,"217":0,"218":0,"219":0,"220":0,"221":0,"222":0,"223":0,"224":0,"225":0,"226":0,"227":0,"228":0,"229":0,"230":0,"231":0,"232":0,"233":0,"234":0,"235":0,"236":0,"237":0,"238":1,"239":0,"240":0,"241":1,"242":0,"243":0,"244":0,"245":0,"246":0,"247":0,"248":0,"249":0,"250":0,"251":0,"252":0,"253":0,"254":0,"255":0,"256":0,"257":0,"258":0,"259":0,"260":0,"261":0,"262":0,"263":0,"264":0,"265":0,"266":0,"267":0,"268":1},"b":{"1":[0,0],"2":[0,0],"3":[0,0],"4":[0,0],"5":[0,0],"6":[0,0,0],"7":[0,0,0],"8":[0,0],"9":[0,0],"10":[0,0],"11":[0,0],"12":[0,0],"13":[0,0],"14":[0,0],"15":[0,0],"16":[0,0],"17":[0,0],"18":[0,0],"19":[0,0],"20":[0,0],"21":[0,0],"22":[0,0],"23":[0,0],"24":[0,0],"25":[0,0],"26":[0,0],"27":[0,0],"28":[0,0],"29":[0,0],"30":[0,0],"31":[0,0],"32":[0,0],"33":[0,0],"34":[0,0],"35":[0,0],"36":[0,0],"37":[0,0],"38":[0,0],"39":[0,0],"40":[0,0],"41":[0,0],"42":[0,0],"43":[0,0],"44":[0,0],"45":[0,0],"46":[0,0],"47":[0,0],"48":[0,0],"49":[0,0]},"f":{"1":0,"2":0,"3":0,"4":0,"5":0,"6":0,"7":0,"8":0,"9":0,"10":0,"11":0,"12":0,"13":0,"14":0,"15":0,"16":0,"17":0,"18":0,"19":0,"20":0,"21":0,"22":0,"23":0,"24":0,"25":0,"26":0,"27":0,"28":0,"29":0,"30":0,"31":0,"32":0,"33":0,"34":0,"35":0,"36":0,"37":0,"38":0,"39":0,"40":0,"41":0,"42":0,"43":0,"44":0,"45":0,"46":0,"47":0,"48":0},"fnMap":{"1":{"name":"isECDSA","line":34,"loc":{"start":{"line":34,"column":0},"end":{"line":34,"column":28}}},"2":{"name":"nowEpochSeconds","line":38,"loc":{"start":{"line":38,"column":0},"end":{"line":38,"column":26}}},"3":{"name":"base64urlEncode","line":42,"loc":{"start":{"line":42,"column":0},"end":{"line":42,"column":30}}},"4":{"name":"base64urlUnescape","line":50,"loc":{"start":{"line":50,"column":0},"end":{"line":50,"column":32}}},"5":{"name":"isSupportedAlg","line":55,"loc":{"start":{"line":55,"column":0},"end":{"line":55,"column":28}}},"6":{"name":"handleError","line":59,"loc":{"start":{"line":59,"column":0},"end":{"line":59,"column":34}}},"7":{"name":"(anonymous_7)","line":61,"loc":{"start":{"line":61,"column":28},"end":{"line":61,"column":39}}},"8":{"name":"defaultKeyResolver","line":71,"loc":{"start":{"line":71,"column":0},"end":{"line":71,"column":37}}},"9":{"name":"JwtError","line":75,"loc":{"start":{"line":75,"column":0},"end":{"line":75,"column":27}}},"10":{"name":"JwtParseError","line":81,"loc":{"start":{"line":81,"column":0},"end":{"line":81,"column":77}}},"11":{"name":"JwtBody","line":91,"loc":{"start":{"line":91,"column":0},"end":{"line":91,"column":24}}},"12":{"name":"(anonymous_12)","line":97,"loc":{"start":{"line":97,"column":32},"end":{"line":97,"column":43}}},"13":{"name":"(anonymous_13)","line":104,"loc":{"start":{"line":104,"column":27},"end":{"line":104,"column":38}}},"14":{"name":"(anonymous_14)","line":106,"loc":{"start":{"line":106,"column":34},"end":{"line":106,"column":51}}},"15":{"name":"compact","line":111,"loc":{"start":{"line":111,"column":28},"end":{"line":111,"column":46}}},"16":{"name":"JwtHeader","line":115,"loc":{"start":{"line":115,"column":0},"end":{"line":115,"column":26}}},"17":{"name":"(anonymous_17)","line":124,"loc":{"start":{"line":124,"column":38},"end":{"line":124,"column":55}}},"18":{"name":"compact","line":135,"loc":{"start":{"line":135,"column":30},"end":{"line":135,"column":48}}},"19":{"name":"Jwt","line":139,"loc":{"start":{"line":139,"column":0},"end":{"line":139,"column":42}}},"20":{"name":"setClaim","line":161,"loc":{"start":{"line":161,"column":25},"end":{"line":161,"column":57}}},"21":{"name":"setHeader","line":165,"loc":{"start":{"line":165,"column":26},"end":{"line":165,"column":59}}},"22":{"name":"setJti","line":169,"loc":{"start":{"line":169,"column":23},"end":{"line":169,"column":44}}},"23":{"name":"setSubject","line":173,"loc":{"start":{"line":173,"column":27},"end":{"line":173,"column":52}}},"24":{"name":"setIssuer","line":177,"loc":{"start":{"line":177,"column":26},"end":{"line":177,"column":50}}},"25":{"name":"setIssuedAt","line":181,"loc":{"start":{"line":181,"column":28},"end":{"line":181,"column":54}}},"26":{"name":"setExpiration","line":185,"loc":{"start":{"line":185,"column":30},"end":{"line":185,"column":58}}},"27":{"name":"setNotBefore","line":194,"loc":{"start":{"line":194,"column":29},"end":{"line":194,"column":56}}},"28":{"name":"setSigningKey","line":203,"loc":{"start":{"line":203,"column":30},"end":{"line":203,"column":58}}},"29":{"name":"setSigningAlgorithm","line":207,"loc":{"start":{"line":207,"column":36},"end":{"line":207,"column":70}}},"30":{"name":"sign","line":215,"loc":{"start":{"line":215,"column":21},"end":{"line":215,"column":68}}},"31":{"name":"compact","line":242,"loc":{"start":{"line":242,"column":24},"end":{"line":242,"column":43}}},"32":{"name":"(anonymous_32)","line":260,"loc":{"start":{"line":260,"column":25},"end":{"line":260,"column":35}}},"33":{"name":"(anonymous_33)","line":264,"loc":{"start":{"line":264,"column":26},"end":{"line":264,"column":37}}},"34":{"name":"(anonymous_34)","line":268,"loc":{"start":{"line":268,"column":28},"end":{"line":268,"column":39}}},"35":{"name":"Parser","line":272,"loc":{"start":{"line":272,"column":0},"end":{"line":272,"column":24}}},"36":{"name":"(anonymous_36)","line":277,"loc":{"start":{"line":277,"column":33},"end":{"line":277,"column":49}}},"37":{"name":"parse","line":286,"loc":{"start":{"line":286,"column":25},"end":{"line":286,"column":53}}},"38":{"name":"Verifier","line":318,"loc":{"start":{"line":318,"column":0},"end":{"line":318,"column":19}}},"39":{"name":"setSigningAlgorithm","line":326,"loc":{"start":{"line":326,"column":41},"end":{"line":326,"column":75}}},"40":{"name":"setSigningKey","line":333,"loc":{"start":{"line":333,"column":35},"end":{"line":333,"column":66}}},"41":{"name":"setKeyResolver","line":337,"loc":{"start":{"line":337,"column":36},"end":{"line":337,"column":73}}},"42":{"name":"verify","line":342,"loc":{"start":{"line":342,"column":28},"end":{"line":342,"column":57}}},"43":{"name":"(anonymous_43)","line":375,"loc":{"start":{"line":375,"column":38},"end":{"line":375,"column":64}}},"44":{"name":"(anonymous_44)","line":411,"loc":{"start":{"line":411,"column":22},"end":{"line":411,"column":34}}},"45":{"name":"withKeyResolver","line":425,"loc":{"start":{"line":425,"column":37},"end":{"line":425,"column":75}}},"46":{"name":"(anonymous_46)","line":437,"loc":{"start":{"line":437,"column":10},"end":{"line":437,"column":79}}},"47":{"name":"(anonymous_47)","line":460,"loc":{"start":{"line":460,"column":18},"end":{"line":460,"column":28}}},"48":{"name":"(anonymous_48)","line":463,"loc":{"start":{"line":463,"column":10},"end":{"line":463,"column":37}}}},"statementMap":{"1":{"start":{"line":3,"column":0},"end":{"line":3,"column":27}},"2":{"start":{"line":4,"column":0},"end":{"line":4,"column":27}},"3":{"start":{"line":5,"column":0},"end":{"line":5,"column":31}},"4":{"start":{"line":6,"column":0},"end":{"line":6,"column":55}},"5":{"start":{"line":7,"column":0},"end":{"line":7,"column":46}},"6":{"start":{"line":9,"column":0},"end":{"line":20,"column":2}},"7":{"start":{"line":22,"column":0},"end":{"line":32,"column":2}},"8":{"start":{"line":34,"column":0},"end":{"line":36,"column":1}},"9":{"start":{"line":35,"column":2},"end":{"line":35,"column":39}},"10":{"start":{"line":38,"column":0},"end":{"line":40,"column":1}},"11":{"start":{"line":39,"column":2},"end":{"line":39,"column":47}},"12":{"start":{"line":42,"column":0},"end":{"line":48,"column":1}},"13":{"start":{"line":43,"column":2},"end":{"line":47,"column":23}},"14":{"start":{"line":50,"column":0},"end":{"line":53,"column":1}},"15":{"start":{"line":51,"column":2},"end":{"line":51,"column":49}},"16":{"start":{"line":52,"column":2},"end":{"line":52,"column":52}},"17":{"start":{"line":55,"column":0},"end":{"line":57,"column":1}},"18":{"start":{"line":56,"column":2},"end":{"line":56,"column":29}},"19":{"start":{"line":59,"column":0},"end":{"line":69,"column":1}},"20":{"start":{"line":60,"column":2},"end":{"line":68,"column":3}},"21":{"start":{"line":61,"column":4},"end":{"line":63,"column":7}},"22":{"start":{"line":62,"column":6},"end":{"line":62,"column":20}},"23":{"start":{"line":64,"column":8},"end":{"line":68,"column":3}},"24":{"start":{"line":65,"column":4},"end":{"line":65,"column":14}},"25":{"start":{"line":67,"column":4},"end":{"line":67,"column":17}},"26":{"start":{"line":71,"column":0},"end":{"line":73,"column":1}},"27":{"start":{"line":72,"column":2},"end":{"line":72,"column":35}},"28":{"start":{"line":75,"column":0},"end":{"line":78,"column":1}},"29":{"start":{"line":76,"column":2},"end":{"line":76,"column":25}},"30":{"start":{"line":77,"column":2},"end":{"line":77,"column":44}},"31":{"start":{"line":79,"column":0},"end":{"line":79,"column":31}},"32":{"start":{"line":81,"column":0},"end":{"line":88,"column":1}},"33":{"start":{"line":82,"column":2},"end":{"line":82,"column":30}},"34":{"start":{"line":83,"column":2},"end":{"line":83,"column":44}},"35":{"start":{"line":84,"column":2},"end":{"line":84,"column":29}},"36":{"start":{"line":85,"column":2},"end":{"line":85,"column":35}},"37":{"start":{"line":86,"column":2},"end":{"line":86,"column":31}},"38":{"start":{"line":87,"column":2},"end":{"line":87,"column":31}},"39":{"start":{"line":89,"column":0},"end":{"line":89,"column":36}},"40":{"start":{"line":91,"column":0},"end":{"line":102,"column":1}},"41":{"start":{"line":92,"column":2},"end":{"line":94,"column":3}},"42":{"start":{"line":93,"column":4},"end":{"line":93,"column":31}},"43":{"start":{"line":95,"column":2},"end":{"line":95,"column":18}},"44":{"start":{"line":96,"column":2},"end":{"line":100,"column":3}},"45":{"start":{"line":97,"column":4},"end":{"line":99,"column":7}},"46":{"start":{"line":98,"column":6},"end":{"line":98,"column":26}},"47":{"start":{"line":101,"column":2},"end":{"line":101,"column":14}},"48":{"start":{"line":104,"column":0},"end":{"line":110,"column":2}},"49":{"start":{"line":105,"column":2},"end":{"line":105,"column":18}},"50":{"start":{"line":106,"column":2},"end":{"line":109,"column":8}},"51":{"start":{"line":107,"column":4},"end":{"line":107,"column":25}},"52":{"start":{"line":108,"column":4},"end":{"line":108,"column":15}},"53":{"start":{"line":111,"column":0},"end":{"line":113,"column":2}},"54":{"start":{"line":112,"column":2},"end":{"line":112,"column":47}},"55":{"start":{"line":115,"column":0},"end":{"line":133,"column":1}},"56":{"start":{"line":116,"column":2},"end":{"line":118,"column":3}},"57":{"start":{"line":117,"column":4},"end":{"line":117,"column":33}},"58":{"start":{"line":119,"column":2},"end":{"line":119,"column":18}},"59":{"start":{"line":120,"column":2},"end":{"line":120,"column":43}},"60":{"start":{"line":121,"column":2},"end":{"line":121,"column":45}},"61":{"start":{"line":123,"column":2},"end":{"line":132,"column":3}},"62":{"start":{"line":124,"column":4},"end":{"line":129,"column":12}},"63":{"start":{"line":125,"column":6},"end":{"line":127,"column":7}},"64":{"start":{"line":126,"column":8},"end":{"line":126,"column":31}},"65":{"start":{"line":128,"column":6},"end":{"line":128,"column":17}},"66":{"start":{"line":131,"column":4},"end":{"line":131,"column":16}},"67":{"start":{"line":134,"column":0},"end":{"line":134,"column":49}},"68":{"start":{"line":135,"column":0},"end":{"line":137,"column":2}},"69":{"start":{"line":136,"column":2},"end":{"line":136,"column":47}},"70":{"start":{"line":139,"column":0},"end":{"line":160,"column":1}},"71":{"start":{"line":140,"column":2},"end":{"line":142,"column":3}},"72":{"start":{"line":141,"column":4},"end":{"line":141,"column":49}},"73":{"start":{"line":144,"column":2},"end":{"line":144,"column":32}},"74":{"start":{"line":145,"column":2},"end":{"line":145,"column":34}},"75":{"start":{"line":147,"column":2},"end":{"line":157,"column":3}},"76":{"start":{"line":148,"column":4},"end":{"line":148,"column":37}},"77":{"start":{"line":150,"column":4},"end":{"line":152,"column":5}},"78":{"start":{"line":151,"column":6},"end":{"line":151,"column":29}},"79":{"start":{"line":154,"column":4},"end":{"line":156,"column":5}},"80":{"start":{"line":155,"column":6},"end":{"line":155,"column":42}},"81":{"start":{"line":159,"column":2},"end":{"line":159,"column":14}},"82":{"start":{"line":161,"column":0},"end":{"line":164,"column":2}},"83":{"start":{"line":162,"column":2},"end":{"line":162,"column":27}},"84":{"start":{"line":163,"column":2},"end":{"line":163,"column":14}},"85":{"start":{"line":165,"column":0},"end":{"line":168,"column":2}},"86":{"start":{"line":166,"column":2},"end":{"line":166,"column":29}},"87":{"start":{"line":167,"column":2},"end":{"line":167,"column":14}},"88":{"start":{"line":169,"column":0},"end":{"line":172,"column":2}},"89":{"start":{"line":170,"column":2},"end":{"line":170,"column":22}},"90":{"start":{"line":171,"column":2},"end":{"line":171,"column":14}},"91":{"start":{"line":173,"column":0},"end":{"line":176,"column":2}},"92":{"start":{"line":174,"column":2},"end":{"line":174,"column":22}},"93":{"start":{"line":175,"column":2},"end":{"line":175,"column":14}},"94":{"start":{"line":177,"column":0},"end":{"line":180,"column":2}},"95":{"start":{"line":178,"column":2},"end":{"line":178,"column":22}},"96":{"start":{"line":179,"column":2},"end":{"line":179,"column":14}},"97":{"start":{"line":181,"column":0},"end":{"line":184,"column":2}},"98":{"start":{"line":182,"column":2},"end":{"line":182,"column":22}},"99":{"start":{"line":183,"column":2},"end":{"line":183,"column":14}},"100":{"start":{"line":185,"column":0},"end":{"line":193,"column":2}},"101":{"start":{"line":186,"column":2},"end":{"line":190,"column":3}},"102":{"start":{"line":187,"column":4},"end":{"line":187,"column":93}},"103":{"start":{"line":189,"column":4},"end":{"line":189,"column":25}},"104":{"start":{"line":192,"column":2},"end":{"line":192,"column":14}},"105":{"start":{"line":194,"column":0},"end":{"line":202,"column":2}},"106":{"start":{"line":195,"column":2},"end":{"line":199,"column":3}},"107":{"start":{"line":196,"column":4},"end":{"line":196,"column":93}},"108":{"start":{"line":198,"column":4},"end":{"line":198,"column":25}},"109":{"start":{"line":201,"column":2},"end":{"line":201,"column":14}},"110":{"start":{"line":203,"column":0},"end":{"line":206,"column":2}},"111":{"start":{"line":204,"column":2},"end":{"line":204,"column":24}},"112":{"start":{"line":205,"column":2},"end":{"line":205,"column":14}},"113":{"start":{"line":207,"column":0},"end":{"line":213,"column":2}},"114":{"start":{"line":208,"column":2},"end":{"line":210,"column":3}},"115":{"start":{"line":209,"column":4},"end":{"line":209,"column":66}},"116":{"start":{"line":211,"column":2},"end":{"line":211,"column":24}},"117":{"start":{"line":212,"column":2},"end":{"line":212,"column":14}},"118":{"start":{"line":215,"column":0},"end":{"line":238,"column":2}},"119":{"start":{"line":216,"column":2},"end":{"line":216,"column":13}},"120":{"start":{"line":217,"column":2},"end":{"line":217,"column":16}},"121":{"start":{"line":218,"column":2},"end":{"line":218,"column":46}},"122":{"start":{"line":219,"column":2},"end":{"line":219,"column":42}},"123":{"start":{"line":221,"column":2},"end":{"line":223,"column":3}},"124":{"start":{"line":222,"column":4},"end":{"line":222,"column":66}},"125":{"start":{"line":225,"column":2},"end":{"line":229,"column":3}},"126":{"start":{"line":226,"column":4},"end":{"line":226,"column":84}},"127":{"start":{"line":228,"column":4},"end":{"line":228,"column":80}},"128":{"start":{"line":231,"column":2},"end":{"line":235,"column":3}},"129":{"start":{"line":232,"column":4},"end":{"line":232,"column":63}},"130":{"start":{"line":234,"column":4},"end":{"line":234,"column":40}},"131":{"start":{"line":237,"column":2},"end":{"line":237,"column":19}},"132":{"start":{"line":240,"column":0},"end":{"line":240,"column":46}},"133":{"start":{"line":242,"column":0},"end":{"line":258,"column":2}},"134":{"start":{"line":244,"column":2},"end":{"line":244,"column":20}},"135":{"start":{"line":245,"column":2},"end":{"line":245,"column":39}},"136":{"start":{"line":246,"column":2},"end":{"line":246,"column":37}},"137":{"start":{"line":248,"column":2},"end":{"line":255,"column":3}},"138":{"start":{"line":249,"column":4},"end":{"line":254,"column":5}},"139":{"start":{"line":250,"column":6},"end":{"line":250,"column":87}},"140":{"start":{"line":251,"column":6},"end":{"line":251,"column":36}},"141":{"start":{"line":253,"column":6},"end":{"line":253,"column":62}},"142":{"start":{"line":257,"column":2},"end":{"line":257,"column":28}},"143":{"start":{"line":260,"column":0},"end":{"line":262,"column":2}},"144":{"start":{"line":261,"column":2},"end":{"line":261,"column":24}},"145":{"start":{"line":264,"column":0},"end":{"line":266,"column":2}},"146":{"start":{"line":265,"column":2},"end":{"line":265,"column":51}},"147":{"start":{"line":268,"column":0},"end":{"line":270,"column":2}},"148":{"start":{"line":269,"column":2},"end":{"line":269,"column":54}},"149":{"start":{"line":272,"column":0},"end":{"line":274,"column":1}},"150":{"start":{"line":273,"column":2},"end":{"line":273,"column":14}},"151":{"start":{"line":276,"column":0},"end":{"line":276,"column":49}},"152":{"start":{"line":277,"column":0},"end":{"line":285,"column":2}},"153":{"start":{"line":278,"column":2},"end":{"line":278,"column":13}},"154":{"start":{"line":279,"column":2},"end":{"line":283,"column":3}},"155":{"start":{"line":280,"column":4},"end":{"line":280,"column":71}},"156":{"start":{"line":282,"column":4},"end":{"line":282,"column":13}},"157":{"start":{"line":284,"column":2},"end":{"line":284,"column":16}},"158":{"start":{"line":286,"column":0},"end":{"line":316,"column":2}},"159":{"start":{"line":288,"column":2},"end":{"line":288,"column":39}},"160":{"start":{"line":289,"column":2},"end":{"line":289,"column":38}},"161":{"start":{"line":290,"column":2},"end":{"line":290,"column":16}},"162":{"start":{"line":292,"column":2},"end":{"line":294,"column":3}},"163":{"start":{"line":293,"column":4},"end":{"line":293,"column":86}},"164":{"start":{"line":296,"column":2},"end":{"line":296,"column":47}},"165":{"start":{"line":297,"column":2},"end":{"line":297,"column":45}},"166":{"start":{"line":299,"column":2},"end":{"line":302,"column":3}},"167":{"start":{"line":300,"column":4},"end":{"line":301,"column":26}},"168":{"start":{"line":304,"column":2},"end":{"line":306,"column":3}},"169":{"start":{"line":305,"column":4},"end":{"line":305,"column":93}},"170":{"start":{"line":307,"column":2},"end":{"line":309,"column":3}},"171":{"start":{"line":308,"column":4},"end":{"line":308,"column":93}},"172":{"start":{"line":310,"column":2},"end":{"line":310,"column":33}},"173":{"start":{"line":311,"column":2},"end":{"line":311,"column":38}},"174":{"start":{"line":312,"column":2},"end":{"line":312,"column":28}},"175":{"start":{"line":313,"column":2},"end":{"line":313,"column":57}},"176":{"start":{"line":314,"column":2},"end":{"line":314,"column":37}},"177":{"start":{"line":315,"column":2},"end":{"line":315,"column":24}},"178":{"start":{"line":318,"column":0},"end":{"line":325,"column":1}},"179":{"start":{"line":319,"column":2},"end":{"line":321,"column":3}},"180":{"start":{"line":320,"column":4},"end":{"line":320,"column":26}},"181":{"start":{"line":322,"column":2},"end":{"line":322,"column":36}},"182":{"start":{"line":323,"column":2},"end":{"line":323,"column":53}},"183":{"start":{"line":324,"column":2},"end":{"line":324,"column":14}},"184":{"start":{"line":326,"column":0},"end":{"line":332,"column":2}},"185":{"start":{"line":327,"column":2},"end":{"line":329,"column":3}},"186":{"start":{"line":328,"column":4},"end":{"line":328,"column":66}},"187":{"start":{"line":330,"column":2},"end":{"line":330,"column":30}},"188":{"start":{"line":331,"column":2},"end":{"line":331,"column":14}},"189":{"start":{"line":333,"column":0},"end":{"line":336,"column":2}},"190":{"start":{"line":334,"column":2},"end":{"line":334,"column":27}},"191":{"start":{"line":335,"column":2},"end":{"line":335,"column":14}},"192":{"start":{"line":337,"column":0},"end":{"line":339,"column":2}},"193":{"start":{"line":338,"column":2},"end":{"line":338,"column":44}},"194":{"start":{"line":340,"column":0},"end":{"line":340,"column":51}},"195":{"start":{"line":342,"column":0},"end":{"line":423,"column":2}},"196":{"start":{"line":343,"column":2},"end":{"line":343,"column":10}},"197":{"start":{"line":345,"column":2},"end":{"line":345,"column":39}},"198":{"start":{"line":347,"column":2},"end":{"line":351,"column":3}},"199":{"start":{"line":348,"column":4},"end":{"line":348,"column":40}},"200":{"start":{"line":350,"column":4},"end":{"line":350,"column":19}},"201":{"start":{"line":353,"column":2},"end":{"line":353,"column":22}},"202":{"start":{"line":354,"column":2},"end":{"line":354,"column":26}},"203":{"start":{"line":355,"column":2},"end":{"line":355,"column":32}},"204":{"start":{"line":357,"column":2},"end":{"line":357,"column":47}},"205":{"start":{"line":358,"column":2},"end":{"line":358,"column":43}},"206":{"start":{"line":360,"column":2},"end":{"line":362,"column":3}},"207":{"start":{"line":361,"column":4},"end":{"line":361,"column":105}},"208":{"start":{"line":364,"column":2},"end":{"line":366,"column":3}},"209":{"start":{"line":365,"column":4},"end":{"line":365,"column":84}},"210":{"start":{"line":368,"column":2},"end":{"line":370,"column":3}},"211":{"start":{"line":369,"column":4},"end":{"line":369,"column":87}},"212":{"start":{"line":372,"column":2},"end":{"line":372,"column":41}},"213":{"start":{"line":373,"column":2},"end":{"line":373,"column":23}},"214":{"start":{"line":375,"column":2},"end":{"line":422,"column":5}},"215":{"start":{"line":377,"column":4},"end":{"line":379,"column":5}},"216":{"start":{"line":378,"column":6},"end":{"line":378,"column":127}},"217":{"start":{"line":382,"column":4},"end":{"line":407,"column":5}},"218":{"start":{"line":383,"column":6},"end":{"line":383,"column":22}},"219":{"start":{"line":384,"column":11},"end":{"line":407,"column":5}},"220":{"start":{"line":385,"column":6},"end":{"line":387,"column":26}},"221":{"start":{"line":388,"column":6},"end":{"line":388,"column":38}},"222":{"start":{"line":390,"column":6},"end":{"line":390,"column":29}},"223":{"start":{"line":391,"column":6},"end":{"line":391,"column":36}},"224":{"start":{"line":393,"column":6},"end":{"line":402,"column":7}},"225":{"start":{"line":394,"column":8},"end":{"line":398,"column":9}},"226":{"start":{"line":395,"column":10},"end":{"line":395,"column":82}},"227":{"start":{"line":397,"column":10},"end":{"line":397,"column":105}},"228":{"start":{"line":400,"column":8},"end":{"line":400,"column":33}},"229":{"start":{"line":401,"column":8},"end":{"line":401,"column":58}},"230":{"start":{"line":404,"column":6},"end":{"line":406,"column":63}},"231":{"start":{"line":409,"column":4},"end":{"line":409,"column":38}},"232":{"start":{"line":411,"column":4},"end":{"line":413,"column":6}},"233":{"start":{"line":412,"column":6},"end":{"line":412,"column":23}},"234":{"start":{"line":415,"column":4},"end":{"line":415,"column":42}},"235":{"start":{"line":417,"column":4},"end":{"line":419,"column":5}},"236":{"start":{"line":418,"column":6},"end":{"line":418,"column":97}},"237":{"start":{"line":421,"column":4},"end":{"line":421,"column":30}},"238":{"start":{"line":425,"column":0},"end":{"line":428,"column":2}},"239":{"start":{"line":426,"column":2},"end":{"line":426,"column":33}},"240":{"start":{"line":427,"column":2},"end":{"line":427,"column":14}},"241":{"start":{"line":430,"column":0},"end":{"line":483,"column":2}},"242":{"start":{"line":439,"column":4},"end":{"line":439,"column":53}},"243":{"start":{"line":440,"column":4},"end":{"line":440,"column":75}},"244":{"start":{"line":442,"column":4},"end":{"line":442,"column":34}},"245":{"start":{"line":444,"column":4},"end":{"line":447,"column":5}},"246":{"start":{"line":445,"column":6},"end":{"line":445,"column":44}},"247":{"start":{"line":446,"column":6},"end":{"line":446,"column":38}},"248":{"start":{"line":449,"column":4},"end":{"line":451,"column":5}},"249":{"start":{"line":450,"column":6},"end":{"line":450,"column":38}},"250":{"start":{"line":453,"column":4},"end":{"line":455,"column":5}},"251":{"start":{"line":454,"column":6},"end":{"line":454,"column":43}},"252":{"start":{"line":457,"column":4},"end":{"line":457,"column":40}},"253":{"start":{"line":461,"column":4},"end":{"line":461,"column":26}},"254":{"start":{"line":464,"column":4},"end":{"line":464,"column":53}},"255":{"start":{"line":465,"column":4},"end":{"line":465,"column":12}},"256":{"start":{"line":466,"column":4},"end":{"line":473,"column":5}},"257":{"start":{"line":467,"column":6},"end":{"line":467,"column":28}},"258":{"start":{"line":468,"column":10},"end":{"line":473,"column":5}},"259":{"start":{"line":469,"column":6},"end":{"line":469,"column":24}},"260":{"start":{"line":470,"column":6},"end":{"line":470,"column":22}},"261":{"start":{"line":472,"column":6},"end":{"line":472,"column":28}},"262":{"start":{"line":474,"column":4},"end":{"line":479,"column":5}},"263":{"start":{"line":475,"column":6},"end":{"line":475,"column":62}},"264":{"start":{"line":477,"column":6},"end":{"line":477,"column":63}},"265":{"start":{"line":478,"column":6},"end":{"line":478,"column":32}},"266":{"start":{"line":480,"column":4},"end":{"line":480,"column":58}},"267":{"start":{"line":481,"column":4},"end":{"line":481,"column":15}},"268":{"start":{"line":485,"column":0},"end":{"line":485,"column":24}}},"branchMap":{"1":{"line":60,"type":"if","locations":[{"start":{"line":60,"column":2},"end":{"line":60,"column":2}},{"start":{"line":60,"column":2},"end":{"line":60,"column":2}}]},"2":{"line":64,"type":"if","locations":[{"start":{"line":64,"column":8},"end":{"line":64,"column":8}},{"start":{"line":64,"column":8},"end":{"line":64,"column":8}}]},"3":{"line":92,"type":"if","locations":[{"start":{"line":92,"column":2},"end":{"line":92,"column":2}},{"start":{"line":92,"column":2},"end":{"line":92,"column":2}}]},"4":{"line":96,"type":"if","locations":[{"start":{"line":96,"column":2},"end":{"line":96,"column":2}},{"start":{"line":96,"column":2},"end":{"line":96,"column":2}}]},"5":{"line":116,"type":"if","locations":[{"start":{"line":116,"column":2},"end":{"line":116,"column":2}},{"start":{"line":116,"column":2},"end":{"line":116,"column":2}}]},"6":{"line":120,"type":"binary-expr","locations":[{"start":{"line":120,"column":13},"end":{"line":120,"column":19}},{"start":{"line":120,"column":23},"end":{"line":120,"column":33}},{"start":{"line":120,"column":37},"end":{"line":120,"column":42}}]},"7":{"line":121,"type":"binary-expr","locations":[{"start":{"line":121,"column":13},"end":{"line":121,"column":19}},{"start":{"line":121,"column":23},"end":{"line":121,"column":33}},{"start":{"line":121,"column":37},"end":{"line":121,"column":44}}]},"8":{"line":123,"type":"if","locations":[{"start":{"line":123,"column":2},"end":{"line":123,"column":2}},{"start":{"line":123,"column":2},"end":{"line":123,"column":2}}]},"9":{"line":125,"type":"if","locations":[{"start":{"line":125,"column":6},"end":{"line":125,"column":6}},{"start":{"line":125,"column":6},"end":{"line":125,"column":6}}]},"10":{"line":125,"type":"binary-expr","locations":[{"start":{"line":125,"column":9},"end":{"line":125,"column":44}},{"start":{"line":125,"column":48},"end":{"line":125,"column":74}}]},"11":{"line":140,"type":"if","locations":[{"start":{"line":140,"column":2},"end":{"line":140,"column":2}},{"start":{"line":140,"column":2},"end":{"line":140,"column":2}}]},"12":{"line":147,"type":"if","locations":[{"start":{"line":147,"column":2},"end":{"line":147,"column":2}},{"start":{"line":147,"column":2},"end":{"line":147,"column":2}}]},"13":{"line":150,"type":"if","locations":[{"start":{"line":150,"column":4},"end":{"line":150,"column":4}},{"start":{"line":150,"column":4},"end":{"line":150,"column":4}}]},"14":{"line":154,"type":"if","locations":[{"start":{"line":154,"column":4},"end":{"line":154,"column":4}},{"start":{"line":154,"column":4},"end":{"line":154,"column":4}}]},"15":{"line":186,"type":"if","locations":[{"start":{"line":186,"column":2},"end":{"line":186,"column":2}},{"start":{"line":186,"column":2},"end":{"line":186,"column":2}}]},"16":{"line":187,"type":"cond-expr","locations":[{"start":{"line":187,"column":54},"end":{"line":187,"column":57}},{"start":{"line":187,"column":60},"end":{"line":187,"column":73}}]},"17":{"
[...]
":225,"column":2}}]},"22":{"line":231,"type":"if","locations":[{"start":{"line":231,"column":2},"end":{"line":231,"column":2}},{"start":{"line":231,"column":2},"end":{"line":231,"column":2}}]},"23":{"line":248,"type":"if","locations":[{"start":{"line":248,"column":2},"end":{"line":248,"column":2}},{"start":{"line":248,"column":2},"end":{"line":248,"column":2}}]},"24":{"line":249,"type":"if","locations":[{"start":{"line":249,"column":4},"end":{"line":249,"column":4}},{"start":{"line":249,"column":4},"end":{"line":249,"column":4}}]},"25":{"line":292,"type":"if","locations":[{"start":{"line":292,"column":2},"end":{"line":292,"column":2}},{"start":{"line":292,"column":2},"end":{"line":292,"column":2}}]},"26":{"line":292,"type":"binary-expr","locations":[{"start":{"line":292,"column":5},"end":{"line":292,"column":22}},{"start":{"line":292,"column":26},"end":{"line":292,"column":43}}]},"27":{"line":299,"type":"if","locations":[{"start":{"line":299,"column":2},"end":{"line":299,"column":2}},{"start":{"line":299,"column":2},"end":{"line":299,"column":2}}]},"28":{"line":304,"type":"if","locations":[{"start":{"line":304,"column":2},"end":{"line":304,"column":2}},{"start":{"line":304,"column":2},"end":{"line":304,"column":2}}]},"29":{"line":307,"type":"if","locations":[{"start":{"line":307,"column":2},"end":{"line":307,"column":2}},{"start":{"line":307,"column":2},"end":{"line":307,"column":2}}]},"30":{"line":319,"type":"if","locations":[{"start":{"line":319,"column":2},"end":{"line":319,"column":2}},{"start":{"line":319,"column":2},"end":{"line":319,"column":2}}]},"31":{"line":327,"type":"if","locations":[{"start":{"line":327,"column":2},"end":{"line":327,"column":2}},{"start":{"line":327,"column":2},"end":{"line":327,"column":2}}]},"32":{"line":360,"type":"if","locations":[{"start":{"line":360,"column":2},"end":{"line":360,"column":2}},{"start":{"line":360,"column":2},"end":{"line":360,"column":2}}]},"33":{"line":364,"type":"if","locations":[{"start":{"line":364,"column":2},"end":{"line":364,"column":2}},{"start":{"line":364,"column":2},"end":{"line":364,"column":2}}]},"34":{"line":368,"type":"if","locations":[{"start":{"line":368,"column":2},"end":{"line":368,"column":2}},{"start":{"line":368,"column":2},"end":{"line":368,"column":2}}]},"35":{"line":377,"type":"if","locations":[{"start":{"line":377,"column":4},"end":{"line":377,"column":4}},{"start":{"line":377,"column":4},"end":{"line":377,"column":4}}]},"36":{"line":382,"type":"if","locations":[{"start":{"line":382,"column":4},"end":{"line":382,"column":4}},{"start":{"line":382,"column":4},"end":{"line":382,"column":4}}]},"37":{"line":384,"type":"if","locations":[{"start":{"line":384,"column":11},"end":{"line":384,"column":11}},{"start":{"line":384,"column":11},"end":{"line":384,"column":11}}]},"38":{"line":393,"type":"if","locations":[{"start":{"line":393,"column":6},"end":{"line":393,"column":6}},{"start":{"line":393,"column":6},"end":{"line":393,"column":6}}]},"39":{"line":417,"type":"if","locations":[{"start":{"line":417,"column":4},"end":{"line":417,"column":4}},{"start":{"line":417,"column":4},"end":{"line":417,"column":4}}]},"40":{"line":440,"type":"cond-expr","locations":[{"start":{"line":440,"column":57},"end":{"line":440,"column":67}},{"start":{"line":440,"column":70},"end":{"line":440,"column":74}}]},"41":{"line":444,"type":"if","locations":[{"start":{"line":444,"column":4},"end":{"line":444,"column":4}},{"start":{"line":444,"column":4},"end":{"line":444,"column":4}}]},"42":{"line":449,"type":"if","locations":[{"start":{"line":449,"column":4},"end":{"line":449,"column":4}},{"start":{"line":449,"column":4},"end":{"line":449,"column":4}}]},"43":{"line":453,"type":"if","locations":[{"start":{"line":453,"column":4},"end":{"line":453,"column":4}},{"start":{"line":453,"column":4},"end":{"line":453,"column":4}}]},"44":{"line":466,"type":"if","locations":[{"start":{"line":466,"column":4},"end":{"line":466,"column":4}},{"start":{"line":466,"column":4},"end":{"line":466,"column":4}}]},"45":{"line":468,"type":"if","locations":[{"start":{"line":468,"column":10},"end":{"line":468,"column":10}},{"start":{"line":468,"column":10},"end":{"line":468,"column":10}}]},"46":{"line":468,"type":"binary-expr","locations":[{"start":{"line":468,"column":14},"end":{"line":468,"column":29}},{"start":{"line":468,"column":33},"end":{"line":468,"column":59}}]},"47":{"line":474,"type":"if","locations":[{"start":{"line":474,"column":4},"end":{"line":474,"column":4}},{"start":{"line":474,"column":4},"end":{"line":474,"column":4}}]},"48":{"line":474,"type":"binary-expr","locations":[{"start":{"line":474,"column":7},"end":{"line":474,"column":19}},{"start":{"line":474,"column":23},"end":{"line":474,"column":30}}]},"49":{"line":477,"type":"cond-expr","locations":[{"start":{"line":477,"column":48},"end":{"line":477,"column":51}},{"start":{"line":477,"column":54},"end":{"line":477,"column":61}}]}},"code":["'use strict';","","var util = require('util');","var uuid = require('uuid');","var crypto = require('crypto');","var ecdsaSigFormatter = require('ecdsa-sig-formatter');","var properties = require('./properties.json');","","var algCryptoMap = {","  HS256: 'SHA256',","  HS384: 'SHA384',","  HS512: 'SHA512',","  RS256: 'RSA-SHA256',","  RS384: 'RSA-SHA384',","  RS512: 'RSA-SHA512',","  ES256: 'RSA-SHA256',","  ES384: 'RSA-SHA384',","  ES512: 'RSA-SHA512',","  none: 'none'","};","","var algTypeMap = {","  HS256: 'hmac',","  HS384: 'hmac',","  HS512: 'hmac',","  RS256: 'sign',","  RS384: 'sign',","  RS512: 'sign',","  ES256: 'sign',","  ES384: 'sign',","  ES512: 'sign'","};","","function isECDSA(algorithm) {","  return algorithm.indexOf('ES') === 0;","}","","function nowEpochSeconds(){","  return Math.floor(new Date().getTime()/1000);","}","","function base64urlEncode(str) {","  return new Buffer(str)","    .toString('base64')","    .replace(/\\+/g, '-')","    .replace(/\\//g, '_')","    .replace(/=/g, '');","}","","function base64urlUnescape(str) {","  str += new Array(5 - str.length % 4).join('=');","  return str.replace(/\\-/g, '+').replace(/_/g, '/');","}","","function isSupportedAlg(alg){","  return !!algCryptoMap[alg];","}","","function handleError(cb,err,value){","  if(typeof cb==='function'){","    return process.nextTick(function() {","      cb(err,value);","    });","  }else if(err){","    throw err;","  }else{","    return value;","  }","}","","function defaultKeyResolver(kid, cb) {","  return cb(null, this.signingKey);","}","","function JwtError(message) {","  this.name = 'JwtError';","  this.message = this.userMessage = message;","}","util.inherits(JwtError, Error);","","function JwtParseError(message,jwtString,parsedHeader,parsedBody,innerError) {","  this.name = 'JwtParseError';","  this.message = this.userMessage = message;","  this.jwtString = jwtString;","  this.parsedHeader = parsedHeader;","  this.parsedBody = parsedBody;","  this.innerError = innerError;","}","util.inherits(JwtParseError, Error);","","function JwtBody(claims){","  if(!(this instanceof JwtBody)){","    return new JwtBody(claims);","  }","  var self = this;","  if(claims){","    Object.keys(claims).forEach(function(k){","      self[k] = claims[k];","    });","  }","  return this;","}","","JwtBody.prototype.toJSON = function() {","  var self = this;","  return Object.keys(self).reduce(function(acc,key){","    acc[key] = self[key];","    return acc;","  },{});","};","JwtBody.prototype.compact = function compact(){","  return base64urlEncode(JSON.stringify(this));","};","","function JwtHeader(header){","  if(!(this instanceof JwtHeader)){","    return new JwtHeader(header);","  }","  var self = this;","  this.typ = header && header.typ || 'JWT';","  this.alg = header && header.alg || 'HS256';","","  if(header){","    return Object.keys(header).reduce(function(acc,key){","      if(self.reservedKeys.indexOf(key)===-1 && header.hasOwnProperty(key)){","        acc[key] = header[key];","      }","      return acc;","    },this);","  }else{","    return this;","  }","}","JwtHeader.prototype.reservedKeys = ['typ','alg'];","JwtHeader.prototype.compact = function compact(){","  return base64urlEncode(JSON.stringify(this));","};","","function Jwt(claims, enforceDefaultFields){","  if(!(this instanceof Jwt)){","    return new Jwt(claims, enforceDefaultFields);","  }","","  this.header = new JwtHeader();","  this.body = new JwtBody(claims);","","  if (enforceDefaultFields !== false) {","    this.setSigningAlgorithm('none');","","    if (!this.body.jti) {","      this.setJti(uuid.v4());","    }","","    if (!this.body.iat) {","      this.setIssuedAt(nowEpochSeconds());","    }","  }","","  return this;","}","Jwt.prototype.setClaim = function setClaim(claim, value) {","  this.body[claim] = value;","  return this;","};","Jwt.prototype.setHeader = function setHeader(param, value) {","  this.header[param] = value;","  return this;","};","Jwt.prototype.setJti = function setJti(jti) {","  this.body.jti = jti;","  return this;","};","Jwt.prototype.setSubject = function setSubject(sub) {","  this.body.sub = sub;","  return this;","};","Jwt.prototype.setIssuer = function setIssuer(iss) {","  this.body.iss = iss;","  return this;","};","Jwt.prototype.setIssuedAt = function setIssuedAt(iat) {","  this.body.iat = iat;","  return this;","};","Jwt.prototype.setExpiration = function setExpiration(exp) {","  if(exp){","    this.body.exp = Math.floor((exp instanceof Date ? exp : new Date(exp)).getTime() / 1000);","  }else{","    delete this.body.exp;","  }","","  return this;","};","Jwt.prototype.setNotBefore = function setNotBefore(nbf) {","  if(nbf) {","    this.body.nbf = Math.floor((nbf instanceof Date ? nbf : new Date(nbf)).getTime() / 1000);","  } else {","    delete this.body.nbf;","  }","","  return this;","};","Jwt.prototype.setSigningKey = function setSigningKey(key) {","  this.signingKey = key;","  return this;","};","Jwt.prototype.setSigningAlgorithm = function setSigningAlgorithm(alg) {","  if(!this.isSupportedAlg(alg)){","    throw new JwtError(properties.errors.UNSUPPORTED_SIGNING_ALG);","  }","  this.header.alg = alg;","  return this;","};","","Jwt.prototype.sign = function sign(payload, algorithm, cryptoInput) {","  var buffer;","  var signature;","  var cryptoAlgName = algCryptoMap[algorithm];","  var signingType = algTypeMap[algorithm];","","  if (!cryptoAlgName) {","    throw new JwtError(properties.errors.UNSUPPORTED_SIGNING_ALG);","  }","","  if (signingType === 'hmac') {","    buffer = crypto.createHmac(cryptoAlgName, cryptoInput).update(payload).digest();","  } else {","    buffer = crypto.createSign(cryptoAlgName).update(payload).sign(cryptoInput);","  }","","  if (isECDSA(algorithm)) {","    signature = ecdsaSigFormatter.derToJose(buffer, algorithm);","  } else {","    signature = base64urlEncode(buffer);","  }","","  return signature;","};","","Jwt.prototype.isSupportedAlg = isSupportedAlg;","","Jwt.prototype.compact = function compact() {","","  var segments = [];","  segments.push(this.header.compact());","  segments.push(this.body.compact());","","  if(this.header.alg !== 'none'){","    if (this.signingKey) {","      this.signature = this.sign(segments.join('.'), this.header.alg, this.signingKey);","      segments.push(this.signature);","    }else{","      throw new Error(properties.errors.SIGNING_KEY_REQUIRED);","    }","  }","","  return segments.join('.');","};","","Jwt.prototype.toString = function(){","  return this.compact();","};","","Jwt.prototype.isExpired = function() {","  return new Date(this.body.exp*1000) < new Date();","};","","Jwt.prototype.isNotBefore = function() {","  return new Date(this.body.nbf * 1000) >= new Date();","};","","function Parser(options){","  return this;","}","","Parser.prototype.isSupportedAlg = isSupportedAlg;","Parser.prototype.safeJsonParse = function(input) {","  var result;","  try{","    result = JSON.parse(new Buffer(base64urlUnescape(input),'base64'));","  }catch(e){","    return e;","  }","  return result;","};","Parser.prototype.parse = function parse(jwtString,cb){","","  var done = handleError.bind(null,cb);","  var segments = jwtString.split('.');","  var signature;","","  if(segments.length<2 || segments.length>3){","    return done(new JwtParseError(properties.errors.PARSE_ERROR,jwtString,null,null));","  }","","  var header = this.safeJsonParse(segments[0]);","  var body = this.safeJsonParse(segments[1]);","","  if(segments[2]){","    signature = new Buffer(base64urlUnescape(segments[2]),'base64')","      .toString('base64');","  }","","  if(header instanceof Error){","    return done(new JwtParseError(properties.errors.PARSE_ERROR,jwtString,null,null,header));","  }","  if(body instanceof Error){","    return done(new JwtParseError(properties.errors.PARSE_ERROR,jwtString,header,null,body));","  }","  var jwt = new Jwt(body, false);","  jwt.setSigningAlgorithm(header.alg);","  jwt.signature = signature;","  jwt.verificationInput = segments[0] +'.' + segments[1];","  jwt.header = new JwtHeader(header);","  return done(null,jwt);","};","","function Verifier(){","  if(!(this instanceof Verifier)){","    return new Verifier();","  }","  this.setSigningAlgorithm('HS256');","  this.setKeyResolver(defaultKeyResolver.bind(this));","  return this;","}","Verifier.prototype.setSigningAlgorithm = function setSigningAlgorithm(alg) {","  if(!this.isSupportedAlg(alg)){","    throw new JwtError(properties.errors.UNSUPPORTED_SIGNING_ALG);","  }","  this.signingAlgorithm = alg;","  return this;","};","Verifier.prototype.setSigningKey = function setSigningKey(keyStr) {","  this.signingKey = keyStr;","  return this;","};","Verifier.prototype.setKeyResolver = function setKeyResolver(keyResolver) {","  this.keyResolver = keyResolver.bind(this);","};","Verifier.prototype.isSupportedAlg = isSupportedAlg;","","Verifier.prototype.verify = function verify(jwtString,cb){","  var jwt;","","  var done = handleError.bind(null,cb);","","  try {","    jwt = new Parser().parse(jwtString);","  } catch(e) {","    return done(e);","  }","","  var body = jwt.body;","  var header = jwt.header;","  var signature = jwt.signature;","","  var cryptoAlgName = algCryptoMap[header.alg];","  var signingType = algTypeMap[header.alg];","","  if (header.alg !== this.signingAlgorithm) {","    return done(new JwtParseError(properties.errors.SIGNATURE_ALGORITHM_MISMTACH,jwtString,header,body));","  }","","  if (jwt.isExpired()) {","    return done(new JwtParseError(properties.errors.EXPIRED,jwtString,header,body));","  }","","  if (jwt.isNotBefore()) {","    return done(new JwtParseError(properties.errors.NOT_ACTIVE,jwtString,header,body));","  }","","  var digstInput = jwt.verificationInput;","  var verified, digest;","","  return this.keyResolver(header.kid, function(err, signingKey) {","","    if (err) {","      return done(new JwtParseError(util.format(properties.errors.KEY_RESOLVER_ERROR, header.kid),jwtString,header,body, err));","    }","","","    if( cryptoAlgName==='none') {","      verified = true;","    } else if(signingType === 'hmac') {","      digest = crypto.createHmac(cryptoAlgName, signingKey)","        .update(digstInput)","        .digest('base64');","      verified = signature === digest;","    } else {","      var unescapedSignature;","      var signatureType = undefined;","","      if (isECDSA(header.alg)) {","        try {","          unescapedSignature = ecdsaSigFormatter.joseToDer(signature, header.alg);","        } catch (err) {","          return done(new JwtParseError(properties.errors.SIGNATURE_MISMTACH,jwtString,header,body,err));","        }","      } else {","        signatureType = 'base64';","        unescapedSignature = base64urlUnescape(signature);","      }","","      verified = crypto.createVerify(cryptoAlgName)","        .update(digstInput)","        .verify(signingKey, unescapedSignature, signatureType);","    }","","    var newJwt = new Jwt(body, false);","","    newJwt.toString = function () {","      return jwtString;","    };","","    newJwt.header = new JwtHeader(header);","","    if (!verified) {","      return done(new JwtParseError(properties.errors.SIGNATURE_MISMTACH,jwtString,header,body));","    }","","    return done(null, newJwt);","  });","};","","Verifier.prototype.withKeyResolver = function withKeyResolver(keyResolver) {","  this.keyResolver = keyResolver;","  return this;","};","","var jwtLib = {","  Jwt: Jwt,","  JwtBody: JwtBody,","  JwtHeader: JwtHeader,","  Verifier: Verifier,","  base64urlEncode: base64urlEncode,","  base64urlUnescape:base64urlUnescape,","  verify: function(/*jwtTokenString, [signingKey], [algOverride], [callbck] */){","","    var args = Array.prototype.slice.call(arguments);","    var cb = typeof args[args.length-1] === 'function' ? args.pop() : null;","","    var verifier = new Verifier();","","    if(args.length===3){","      verifier.setSigningAlgorithm(args[2]);","      verifier.setSigningKey(args[1]);","    }","","    if(args.length===2){","      verifier.setSigningKey(args[1]);","    }","","    if(args.length===1){","      verifier.setSigningAlgorithm('none');","    }","","    return verifier.verify(args[0], cb);","","  },","  createVerifier: function(){","    return new Verifier();","  },","  create: function(claims,secret,alg){","    var args = Array.prototype.slice.call(arguments);","    var jwt;","    if(args.length >= 2){","      jwt = new Jwt(claims);","    }else if (args.length===1 && typeof claims === 'string'){","      jwt = new Jwt({});","      secret = claims;","    }else{","      jwt = new Jwt(claims);","    }","    if(alg!=='none' && !secret){","      throw new Error(properties.errors.SIGNING_KEY_REQUIRED);","    }else{","      jwt.setSigningAlgorithm(args.length===3 ? alg : 'HS256');","      jwt.setSigningKey(secret);","    }","    jwt.setExpiration((nowEpochSeconds() + (60*60))*1000); // one hour","    return jwt;","  }","};","","module.exports = jwtLib;",""],"l":{"3":1,"4":1,"5":1,"6":1,"7":1,"9":1,"22":1,"34":1,"35":0,"38":1,"39":0,"42":1,"43":0,"50":1,"51":0,"52":0,"55":1,"56":0,"59":1,"60":0,"61":0,"62":0,"64":0,"65":0,"67":0,"71":1,"72":0,"75":1,"76":0,"77":0,"79":1,"81":1,"82":0,"83":0,"84":0,"85":0,"86":0,"87":0,"89":1,"91":1,"92":0,"93":0,"95":0,"96":0,"97":0,"98":0,"101":0,"104":1,"105":0,"106":0,"107":0,"108":0,"111":1,"112":0,"115":1,"116":0,"117":0,"119":0,"120":0,"121":0,"123":0,"124":0,"125":0,"126":0,"128":0,"131":0,"134":1,"135":1,"136":0,"139":1,"140":0,"141":0,"144":0,"145":0,"147":0,"148":0,"150":0,"151":0,"154":0,"155":0,"159":0,"161":1,"162":0,"163":0,"165":1,"166":0,"167":0,"169":1,"170":0,"171":0,"173":1,"174":0,"175":0,"177":1,"178":0,"179":0,"181":1,"182":0,"183":0,"185":1,"186":0,"187":0,"189":0,"192":0,"194":1,"195":0,"196":0,"198":0,"201":0,"203":1,"204":0,"205":0,"207":1,"208":0,"209":0,"211":0,"212":0,"215":1,"216":0,"217":0,"218":0,"219":0,"221":0,"222":0,"225":0,"226":0,"228":0,"231":0,"232":0,"234":0,"237":0,"240":1,"242":1,"244":0,"245":0,"246":0,"248":0,"249":0,"250":0,"251":0,"253":0,"257":0,"260":1,"261":0,"264":1,"265":0,"268":1,"269":0,"272":1,"273":0,"276":1,"277":1,"278":0,"279":0,"280":0,"282":0,"284":0,"286":1,"288":0,"289":0,"290":0,"292":0,"293":0,"296":0,"297":0,"299":0,"300":0,"304":0,"305":0,"307":0,"308":0,"310":0,"311":0,"312":0,"313":0,"314":0,"315":0,"318":1,"319":0,"320":0,"322":0,"323":0,"324":0,"326":1,"327":0,"328":0,"330":0,"331":0,"333":1,"334":0,"335":0,"337":1,"338":0,"340":1,"342":1,"343":0,"345":0,"347":0,"348":0,"350":0,"353":0,"354":0,"355":0,"357":0,"358":0,"360":0,"361":0,"364":0,"365":0,"368":0,"369":0,"372":0,"373":0,"375":0,"377":0,"378":0,"382":0,"383":0,"384":0,"385":0,"388":0,"390":0,"391":0,"393":0,"394":0,"395":0,"397":0,"400":0,"401":0,"404":0,"409":0,"411":0,"412":0,"415":0,"417":0,"418":0,"421":0,"425":1,"426":0,"427":0,"430":1,"439":0,"440":0,"442":0,"444":0,"445":0,"446":0,"449":0,"450":0,"453":0,"454":0,"457":0,"461":0,"464":0,"465":0,"466":0,"467":0,"468":0,"469":0,"470":0,"472":0,"474":0,"475":0,"477":0,"478":0,"480":0,"481":0,"485":1}}}